{"C:\\Users\\Sa7ar\\OneDrive\\Documents\\as\\woodwings\\code\\lib\\apiHandler.ts": {"path":"C:\\Users\\Sa7ar\\OneDrive\\Documents\\as\\woodwings\\code\\lib\\apiHandler.ts","statementMap":{"0":{"start":{"line":10,"column":0},"end":{"line":10,"column":null}},"1":{"start":{"line":17,"column":4},"end":{"line":17,"column":null}},"2":{"start":{"line":15,"column":11},"end":{"line":15,"column":null}},"3":{"start":{"line":18,"column":4},"end":{"line":18,"column":null}},"4":{"start":{"line":31,"column":18},"end":{"line":31,"column":null}},"5":{"start":{"line":32,"column":2},"end":{"line":32,"column":null}},"6":{"start":{"line":33,"column":2},"end":{"line":38,"column":null}},"7":{"start":{"line":34,"column":4},"end":{"line":37,"column":null}},"8":{"start":{"line":39,"column":2},"end":{"line":42,"column":null}},"9":{"start":{"line":46,"column":2},"end":{"line":143,"column":null}},"10":{"start":{"line":47,"column":4},"end":{"line":142,"column":null}},"11":{"start":{"line":48,"column":29},"end":{"line":48,"column":null}},"12":{"start":{"line":49,"column":22},"end":{"line":49,"column":null}},"13":{"start":{"line":50,"column":24},"end":{"line":50,"column":null}},"14":{"start":{"line":51,"column":20},"end":{"line":51,"column":null}},"15":{"start":{"line":55,"column":6},"end":{"line":57,"column":null}},"16":{"start":{"line":56,"column":8},"end":{"line":56,"column":null}},"17":{"start":{"line":56,"column":60},"end":{"line":56,"column":69}},"18":{"start":{"line":59,"column":6},"end":{"line":141,"column":null}},"19":{"start":{"line":60,"column":24},"end":{"line":60,"column":null}},"20":{"start":{"line":61,"column":8},"end":{"line":74,"column":null}},"21":{"start":{"line":62,"column":10},"end":{"line":62,"column":null}},"22":{"start":{"line":64,"column":10},"end":{"line":69,"column":null}},"23":{"start":{"line":70,"column":10},"end":{"line":73,"column":null}},"24":{"start":{"line":75,"column":8},"end":{"line":93,"column":null}},"25":{"start":{"line":76,"column":10},"end":{"line":76,"column":null}},"26":{"start":{"line":77,"column":10},"end":{"line":88,"column":null}},"27":{"start":{"line":89,"column":10},"end":{"line":92,"column":null}},"28":{"start":{"line":95,"column":25},"end":{"line":95,"column":null}},"29":{"start":{"line":96,"column":27},"end":{"line":96,"column":null}},"30":{"start":{"line":97,"column":24},"end":{"line":97,"column":null}},"31":{"start":{"line":99,"column":8},"end":{"line":99,"column":null}},"32":{"start":{"line":102,"column":8},"end":{"line":104,"column":null}},"33":{"start":{"line":106,"column":23},"end":{"line":110,"column":null}},"34":{"start":{"line":111,"column":8},"end":{"line":111,"column":null}},"35":{"start":{"line":112,"column":8},"end":{"line":112,"column":null}},"36":{"start":{"line":114,"column":27},"end":{"line":114,"column":null}},"37":{"start":{"line":115,"column":24},"end":{"line":115,"column":null}},"38":{"start":{"line":116,"column":25},"end":{"line":116,"column":null}},"39":{"start":{"line":118,"column":8},"end":{"line":118,"column":null}},"40":{"start":{"line":121,"column":8},"end":{"line":127,"column":null}},"41":{"start":{"line":128,"column":8},"end":{"line":136,"column":null}},"42":{"start":{"line":138,"column":23},"end":{"line":138,"column":null}},"43":{"start":{"line":139,"column":8},"end":{"line":139,"column":null}},"44":{"start":{"line":140,"column":8},"end":{"line":140,"column":null}},"45":{"start":{"line":149,"column":2},"end":{"line":162,"column":null}},"46":{"start":{"line":150,"column":27},"end":{"line":150,"column":null}},"47":{"start":{"line":151,"column":20},"end":{"line":151,"column":null}},"48":{"start":{"line":152,"column":22},"end":{"line":152,"column":null}},"49":{"start":{"line":153,"column":18},"end":{"line":153,"column":null}},"50":{"start":{"line":154,"column":4},"end":{"line":161,"column":null}},"51":{"start":{"line":155,"column":23},"end":{"line":155,"column":null}},"52":{"start":{"line":156,"column":6},"end":{"line":156,"column":null}},"53":{"start":{"line":157,"column":6},"end":{"line":157,"column":null}},"54":{"start":{"line":159,"column":6},"end":{"line":159,"column":null}},"55":{"start":{"line":160,"column":6},"end":{"line":160,"column":null}}},"fnMap":{"0":{"name":"constructor","decl":{"start":{"line":13,"column":2},"end":{"line":13,"column":null}},"loc":{"start":{"line":16,"column":4},"end":{"line":19,"column":null}},"line":16},"1":{"name":"buildError","decl":{"start":{"line":30,"column":9},"end":{"line":30,"column":20}},"loc":{"start":{"line":30,"column":87},"end":{"line":43,"column":null}},"line":30},"2":{"name":"requireRole","decl":{"start":{"line":45,"column":16},"end":{"line":45,"column":46}},"loc":{"start":{"line":45,"column":66},"end":{"line":144,"column":null}},"line":45},"3":{"name":"(anonymous_3)","decl":{"start":{"line":46,"column":9},"end":{"line":46,"column":19}},"loc":{"start":{"line":46,"column":46},"end":{"line":143,"column":null}},"line":46},"4":{"name":"(anonymous_4)","decl":{"start":{"line":47,"column":11},"end":{"line":47,"column":27}},"loc":{"start":{"line":47,"column":97},"end":{"line":142,"column":null}},"line":47},"5":{"name":"(anonymous_5)","decl":{"start":{"line":56,"column":48},"end":{"line":56,"column":60}},"loc":{"start":{"line":56,"column":60},"end":{"line":56,"column":69}},"line":56},"6":{"name":"withErrorHandling","decl":{"start":{"line":146,"column":16},"end":{"line":146,"column":null}},"loc":{"start":{"line":148,"column":2},"end":{"line":163,"column":null}},"line":148},"7":{"name":"(anonymous_7)","decl":{"start":{"line":149,"column":9},"end":{"line":149,"column":25}},"loc":{"start":{"line":149,"column":95},"end":{"line":162,"column":null}},"line":149}},"branchMap":{"0":{"loc":{"start":{"line":31,"column":18},"end":{"line":31,"column":null}},"type":"cond-expr","locations":[{"start":{"line":31,"column":43},"end":{"line":31,"column":59}},{"start":{"line":31,"column":59},"end":{"line":31,"column":null}}],"line":31},"1":{"loc":{"start":{"line":33,"column":2},"end":{"line":38,"column":null}},"type":"if","locations":[{"start":{"line":33,"column":2},"end":{"line":38,"column":null}},{"start":{},"end":{}}],"line":33},"2":{"loc":{"start":{"line":48,"column":29},"end":{"line":48,"column":null}},"type":"cond-expr","locations":[{"start":{"line":48,"column":68},"end":{"line":48,"column":94}},{"start":{"line":48,"column":94},"end":{"line":48,"column":null}}],"line":48},"3":{"loc":{"start":{"line":50,"column":24},"end":{"line":50,"column":null}},"type":"binary-expr","locations":[{"start":{"line":50,"column":24},"end":{"line":50,"column":59}},{"start":{"line":50,"column":59},"end":{"line":50,"column":null}}],"line":50},"4":{"loc":{"start":{"line":55,"column":6},"end":{"line":57,"column":null}},"type":"if","locations":[{"start":{"line":55,"column":6},"end":{"line":57,"column":null}},{"start":{},"end":{}}],"line":55},"5":{"loc":{"start":{"line":61,"column":8},"end":{"line":74,"column":null}},"type":"if","locations":[{"start":{"line":61,"column":8},"end":{"line":74,"column":null}},{"start":{},"end":{}}],"line":61},"6":{"loc":{"start":{"line":75,"column":8},"end":{"line":93,"column":null}},"type":"if","locations":[{"start":{"line":75,"column":8},"end":{"line":93,"column":null}},{"start":{},"end":{}}],"line":75},"7":{"loc":{"start":{"line":75,"column":12},"end":{"line":75,"column":63}},"type":"binary-expr","locations":[{"start":{"line":75,"column":12},"end":{"line":75,"column":32}},{"start":{"line":75,"column":32},"end":{"line":75,"column":63}}],"line":75},"8":{"loc":{"start":{"line":115,"column":24},"end":{"line":115,"column":null}},"type":"cond-expr","locations":[{"start":{"line":115,"column":49},"end":{"line":115,"column":65}},{"start":{"line":115,"column":65},"end":{"line":115,"column":null}}],"line":115},"9":{"loc":{"start":{"line":150,"column":27},"end":{"line":150,"column":null}},"type":"cond-expr","locations":[{"start":{"line":150,"column":66},"end":{"line":150,"column":92}},{"start":{"line":150,"column":92},"end":{"line":150,"column":null}}],"line":150},"10":{"loc":{"start":{"line":152,"column":22},"end":{"line":152,"column":null}},"type":"binary-expr","locations":[{"start":{"line":152,"column":22},"end":{"line":152,"column":57}},{"start":{"line":152,"column":57},"end":{"line":152,"column":null}}],"line":152}},"s":{"0":0,"1":0,"2":0,"3":0,"4":0,"5":0,"6":0,"7":0,"8":0,"9":0,"10":0,"11":0,"12":0,"13":0,"14":0,"15":0,"16":0,"17":0,"18":0,"19":0,"20":0,"21":0,"22":0,"23":0,"24":0,"25":0,"26":0,"27":0,"28":0,"29":0,"30":0,"31":0,"32":0,"33":0,"34":0,"35":0,"36":0,"37":0,"38":0,"39":0,"40":0,"41":0,"42":0,"43":0,"44":0,"45":0,"46":0,"47":0,"48":0,"49":0,"50":0,"51":0,"52":0,"53":0,"54":0,"55":0},"f":{"0":0,"1":0,"2":0,"3":0,"4":0,"5":0,"6":0,"7":0},"b":{"0":[0,0],"1":[0,0],"2":[0,0],"3":[0,0],"4":[0,0],"5":[0,0],"6":[0,0],"7":[0,0],"8":[0,0],"9":[0,0],"10":[0,0]},"meta":{"lastBranch":11,"lastFunction":8,"lastStatement":56,"seen":{"s:10:0:10:Infinity":0,"f:13:2:13:Infinity":0,"s:17:4:17:Infinity":1,"s:15:11:15:Infinity":2,"s:18:4:18:Infinity":3,"f:30:9:30:20":1,"s:31:18:31:Infinity":4,"b:31:43:31:59:31:59:31:Infinity":0,"s:32:2:32:Infinity":5,"b:33:2:38:Infinity:undefined:undefined:undefined:undefined":1,"s:33:2:38:Infinity":6,"s:34:4:37:Infinity":7,"s:39:2:42:Infinity":8,"f:45:16:45:46":2,"s:46:2:143:Infinity":9,"f:46:9:46:19":3,"s:47:4:142:Infinity":10,"f:47:11:47:27":4,"s:48:29:48:Infinity":11,"b:48:68:48:94:48:94:48:Infinity":2,"s:49:22:49:Infinity":12,"s:50:24:50:Infinity":13,"b:50:24:50:59:50:59:50:Infinity":3,"s:51:20:51:Infinity":14,"b:55:6:57:Infinity:undefined:undefined:undefined:undefined":4,"s:55:6:57:Infinity":15,"s:56:8:56:Infinity":16,"f:56:48:56:60":5,"s:56:60:56:69":17,"s:59:6:141:Infinity":18,"s:60:24:60:Infinity":19,"b:61:8:74:Infinity:undefined:undefined:undefined:undefined":5,"s:61:8:74:Infinity":20,"s:62:10:62:Infinity":21,"s:64:10:69:Infinity":22,"s:70:10:73:Infinity":23,"b:75:8:93:Infinity:undefined:undefined:undefined:undefined":6,"s:75:8:93:Infinity":24,"b:75:12:75:32:75:32:75:63":7,"s:76:10:76:Infinity":25,"s:77:10:88:Infinity":26,"s:89:10:92:Infinity":27,"s:95:25:95:Infinity":28,"s:96:27:96:Infinity":29,"s:97:24:97:Infinity":30,"s:99:8:99:Infinity":31,"s:102:8:104:Infinity":32,"s:106:23:110:Infinity":33,"s:111:8:111:Infinity":34,"s:112:8:112:Infinity":35,"s:114:27:114:Infinity":36,"s:115:24:115:Infinity":37,"b:115:49:115:65:115:65:115:Infinity":8,"s:116:25:116:Infinity":38,"s:118:8:118:Infinity":39,"s:121:8:127:Infinity":40,"s:128:8:136:Infinity":41,"s:138:23:138:Infinity":42,"s:139:8:139:Infinity":43,"s:140:8:140:Infinity":44,"f:146:16:146:Infinity":6,"s:149:2:162:Infinity":45,"f:149:9:149:25":7,"s:150:27:150:Infinity":46,"b:150:66:150:92:150:92:150:Infinity":9,"s:151:20:151:Infinity":47,"s:152:22:152:Infinity":48,"b:152:22:152:57:152:57:152:Infinity":10,"s:153:18:153:Infinity":49,"s:154:4:161:Infinity":50,"s:155:23:155:Infinity":51,"s:156:6:156:Infinity":52,"s:157:6:157:Infinity":53,"s:159:6:159:Infinity":54,"s:160:6:160:Infinity":55},"fnNames":{}}}
,"C:\\Users\\Sa7ar\\OneDrive\\Documents\\as\\woodwings\\code\\lib\\dateUtils.ts": {"path":"C:\\Users\\Sa7ar\\OneDrive\\Documents\\as\\woodwings\\code\\lib\\dateUtils.ts","statementMap":{"0":{"start":{"line":1,"column":11},"end":{"line":1,"column":null}},"1":{"start":{"line":5,"column":2},"end":{"line":5,"column":null}},"2":{"start":{"line":10,"column":2},"end":{"line":14,"column":null}},"3":{"start":{"line":22,"column":12},"end":{"line":22,"column":null}},"4":{"start":{"line":23,"column":2},"end":{"line":23,"column":null}}},"fnMap":{"0":{"name":"todayUAE","decl":{"start":{"line":4,"column":16},"end":{"line":4,"column":35}},"loc":{"start":{"line":4,"column":35},"end":{"line":6,"column":null}},"line":4},"1":{"name":"nowUAEString","decl":{"start":{"line":9,"column":16},"end":{"line":9,"column":39}},"loc":{"start":{"line":9,"column":39},"end":{"line":15,"column":null}},"line":9},"2":{"name":"fmtUAE","decl":{"start":{"line":18,"column":16},"end":{"line":18,"column":null}},"loc":{"start":{"line":21,"column":10},"end":{"line":24,"column":null}},"line":21}},"branchMap":{"0":{"loc":{"start":{"line":20,"column":2},"end":{"line":20,"column":null}},"type":"default-arg","locations":[{"start":{"line":20,"column":37},"end":{"line":20,"column":null}}],"line":20},"1":{"loc":{"start":{"line":22,"column":12},"end":{"line":22,"column":null}},"type":"cond-expr","locations":[{"start":{"line":22,"column":40},"end":{"line":22,"column":58}},{"start":{"line":22,"column":58},"end":{"line":22,"column":null}}],"line":22}},"s":{"0":0,"1":0,"2":0,"3":0,"4":0},"f":{"0":0,"1":0,"2":0},"b":{"0":[0],"1":[0,0]},"meta":{"lastBranch":2,"lastFunction":3,"lastStatement":5,"seen":{"s:1:11:1:Infinity":0,"f:4:16:4:35":0,"s:5:2:5:Infinity":1,"f:9:16:9:39":1,"s:10:2:14:Infinity":2,"f:18:16:18:Infinity":2,"b:20:37:20:Infinity":0,"s:22:12:22:Infinity":3,"b:22:40:22:58:22:58:22:Infinity":1,"s:23:2:23:Infinity":4},"fnNames":{}}}
,"C:\\Users\\Sa7ar\\OneDrive\\Documents\\as\\woodwings\\code\\lib\\env.ts": {"path":"C:\\Users\\Sa7ar\\OneDrive\\Documents\\as\\woodwings\\code\\lib\\env.ts","statementMap":{"0":{"start":{"line":1,"column":26},"end":{"line":5,"column":null}},"1":{"start":{"line":8,"column":18},"end":{"line":8,"column":null}},"2":{"start":{"line":8,"column":52},"end":{"line":8,"column":69}},"3":{"start":{"line":9,"column":2},"end":{"line":14,"column":null}},"4":{"start":{"line":10,"column":4},"end":{"line":13,"column":null}},"5":{"start":{"line":15,"column":2},"end":{"line":17,"column":null}},"6":{"start":{"line":16,"column":4},"end":{"line":16,"column":null}}},"fnMap":{"0":{"name":"validateEnv","decl":{"start":{"line":7,"column":16},"end":{"line":7,"column":36}},"loc":{"start":{"line":7,"column":36},"end":{"line":18,"column":null}},"line":7},"1":{"name":"(anonymous_1)","decl":{"start":{"line":8,"column":36},"end":{"line":8,"column":44}},"loc":{"start":{"line":8,"column":52},"end":{"line":8,"column":69}},"line":8}},"branchMap":{"0":{"loc":{"start":{"line":9,"column":2},"end":{"line":14,"column":null}},"type":"if","locations":[{"start":{"line":9,"column":2},"end":{"line":14,"column":null}},{"start":{},"end":{}}],"line":9},"1":{"loc":{"start":{"line":15,"column":2},"end":{"line":17,"column":null}},"type":"if","locations":[{"start":{"line":15,"column":2},"end":{"line":17,"column":null}},{"start":{},"end":{}}],"line":15},"2":{"loc":{"start":{"line":15,"column":7},"end":{"line":15,"column":41}},"type":"binary-expr","locations":[{"start":{"line":15,"column":7},"end":{"line":15,"column":37}},{"start":{"line":15,"column":37},"end":{"line":15,"column":41}}],"line":15}},"s":{"0":0,"1":0,"2":0,"3":0,"4":0,"5":0,"6":0},"f":{"0":0,"1":0},"b":{"0":[0,0],"1":[0,0],"2":[0,0]},"meta":{"lastBranch":3,"lastFunction":2,"lastStatement":7,"seen":{"s:1:26:5:Infinity":0,"f:7:16:7:36":0,"s:8:18:8:Infinity":1,"f:8:36:8:44":1,"s:8:52:8:69":2,"b:9:2:14:Infinity:undefined:undefined:undefined:undefined":0,"s:9:2:14:Infinity":3,"s:10:4:13:Infinity":4,"b:15:2:17:Infinity:undefined:undefined:undefined:undefined":1,"s:15:2:17:Infinity":5,"b:15:7:15:37:15:37:15:41":2,"s:16:4:16:Infinity":6},"fnNames":{}}}
,"C:\\Users\\Sa7ar\\OneDrive\\Documents\\as\\woodwings\\code\\lib\\failedRequests.ts": {"path":"C:\\Users\\Sa7ar\\OneDrive\\Documents\\as\\woodwings\\code\\lib\\failedRequests.ts","statementMap":{"0":{"start":{"line":3,"column":6},"end":{"line":4,"column":null}},"1":{"start":{"line":4,"column":2},"end":{"line":4,"column":null}},"2":{"start":{"line":6,"column":6},"end":{"line":9,"column":null}},"3":{"start":{"line":6,"column":26},"end":{"line":9,"column":null}},"4":{"start":{"line":11,"column":23},"end":{"line":17,"column":null}},"5":{"start":{"line":20,"column":2},"end":{"line":20,"column":null}},"6":{"start":{"line":20,"column":47},"end":{"line":20,"column":null}},"7":{"start":{"line":21,"column":2},"end":{"line":21,"column":null}},"8":{"start":{"line":21,"column":30},"end":{"line":21,"column":null}},"9":{"start":{"line":22,"column":42},"end":{"line":22,"column":null}},"10":{"start":{"line":23,"column":2},"end":{"line":25,"column":null}},"11":{"start":{"line":24,"column":4},"end":{"line":24,"column":null}},"12":{"start":{"line":26,"column":2},"end":{"line":26,"column":null}},"13":{"start":{"line":40,"column":2},"end":{"line":40,"column":null}},"14":{"start":{"line":40,"column":70},"end":{"line":40,"column":null}},"15":{"start":{"line":42,"column":20},"end":{"line":42,"column":null}},"16":{"start":{"line":43,"column":42},"end":{"line":51,"column":null}},"17":{"start":{"line":52,"column":2},"end":{"line":52,"column":null}},"18":{"start":{"line":52,"column":17},"end":{"line":52,"column":null}},"19":{"start":{"line":54,"column":2},"end":{"line":58,"column":null}},"20":{"start":{"line":58,"column":20},"end":{"line":58,"column":72}},"21":{"start":{"line":76,"column":2},"end":{"line":76,"column":null}},"22":{"start":{"line":76,"column":70},"end":{"line":76,"column":null}},"23":{"start":{"line":78,"column":17},"end":{"line":78,"column":null}},"24":{"start":{"line":79,"column":2},"end":{"line":79,"column":null}},"25":{"start":{"line":80,"column":2},"end":{"line":80,"column":null}},"26":{"start":{"line":81,"column":2},"end":{"line":81,"column":null}},"27":{"start":{"line":83,"column":2},"end":{"line":114,"column":null}},"28":{"start":{"line":84,"column":16},"end":{"line":87,"column":null}},"29":{"start":{"line":88,"column":4},"end":{"line":88,"column":null}},"30":{"start":{"line":88,"column":17},"end":{"line":88,"column":null}},"31":{"start":{"line":89,"column":17},"end":{"line":89,"column":null}},"32":{"start":{"line":92,"column":4},"end":{"line":111,"column":null}},"33":{"start":{"line":92,"column":36},"end":{"line":111,"column":6}},"34":{"start":{"line":104,"column":19},"end":{"line":104,"column":121}},"35":{"start":{"line":104,"column":25},"end":{"line":104,"column":92}},"36":{"start":{"line":104,"column":102},"end":{"line":104,"column":119}},"37":{"start":{"line":113,"column":4},"end":{"line":113,"column":null}},"38":{"start":{"line":118,"column":2},"end":{"line":118,"column":null}},"39":{"start":{"line":118,"column":70},"end":{"line":118,"column":null}},"40":{"start":{"line":119,"column":2},"end":{"line":128,"column":null}}},"fnMap":{"0":{"name":"(anonymous_0)","decl":{"start":{"line":3,"column":6},"end":{"line":3,"column":null}},"loc":{"start":{"line":4,"column":2},"end":{"line":4,"column":null}},"line":4},"1":{"name":"(anonymous_1)","decl":{"start":{"line":6,"column":6},"end":{"line":6,"column":26}},"loc":{"start":{"line":6,"column":26},"end":{"line":9,"column":null}},"line":6},"2":{"name":"sanitize","decl":{"start":{"line":19,"column":9},"end":{"line":19,"column":18}},"loc":{"start":{"line":19,"column":45},"end":{"line":27,"column":null}},"line":19},"3":{"name":"storeFailedRequest","decl":{"start":{"line":39,"column":16},"end":{"line":39,"column":35}},"loc":{"start":{"line":39,"column":68},"end":{"line":59,"column":null}},"line":39},"4":{"name":"(anonymous_4)","decl":{"start":{"line":58,"column":5},"end":{"line":58,"column":12}},"loc":{"start":{"line":58,"column":20},"end":{"line":58,"column":72}},"line":58},"5":{"name":"getFailedRequests","decl":{"start":{"line":75,"column":22},"end":{"line":75,"column":40}},"loc":{"start":{"line":75,"column":84},"end":{"line":115,"column":null}},"line":75},"6":{"name":"(anonymous_6)","decl":{"start":{"line":92,"column":24},"end":{"line":92,"column":29}},"loc":{"start":{"line":92,"column":36},"end":{"line":111,"column":6}},"line":92},"7":{"name":"(anonymous_7)","decl":{"start":{"line":103,"column":45},"end":{"line":103,"column":null}},"loc":{"start":{"line":104,"column":17},"end":{"line":104,"column":124}},"line":104},"8":{"name":"markReplayed","decl":{"start":{"line":117,"column":22},"end":{"line":117,"column":35}},"loc":{"start":{"line":117,"column":84},"end":{"line":129,"column":null}},"line":117}},"branchMap":{"0":{"loc":{"start":{"line":20,"column":2},"end":{"line":20,"column":null}},"type":"if","locations":[{"start":{"line":20,"column":2},"end":{"line":20,"column":null}},{"start":{},"end":{}}],"line":20},"1":{"loc":{"start":{"line":20,"column":6},"end":{"line":20,"column":47}},"type":"binary-expr","locations":[{"start":{"line":20,"column":6},"end":{"line":20,"column":18}},{"start":{"line":20,"column":18},"end":{"line":20,"column":47}}],"line":20},"2":{"loc":{"start":{"line":21,"column":2},"end":{"line":21,"column":null}},"type":"if","locations":[{"start":{"line":21,"column":2},"end":{"line":21,"column":null}},{"start":{},"end":{}}],"line":21},"3":{"loc":{"start":{"line":24,"column":16},"end":{"line":24,"column":null}},"type":"cond-expr","locations":[{"start":{"line":24,"column":54},"end":{"line":24,"column":69}},{"start":{"line":24,"column":69},"end":{"line":24,"column":null}}],"line":24},"4":{"loc":{"start":{"line":40,"column":2},"end":{"line":40,"column":null}},"type":"if","locations":[{"start":{"line":40,"column":2},"end":{"line":40,"column":null}},{"start":{},"end":{}}],"line":40},"5":{"loc":{"start":{"line":40,"column":6},"end":{"line":40,"column":70}},"type":"binary-expr","locations":[{"start":{"line":40,"column":6},"end":{"line":40,"column":39}},{"start":{"line":40,"column":39},"end":{"line":40,"column":70}}],"line":40},"6":{"loc":{"start":{"line":42,"column":20},"end":{"line":42,"column":null}},"type":"cond-expr","locations":[{"start":{"line":42,"column":41},"end":{"line":42,"column":72}},{"start":{"line":42,"column":72},"end":{"line":42,"column":null}}],"line":42},"7":{"loc":{"start":{"line":52,"column":2},"end":{"line":52,"column":null}},"type":"if","locations":[{"start":{"line":52,"column":2},"end":{"line":52,"column":null}},{"start":{},"end":{}}],"line":52},"8":{"loc":{"start":{"line":75,"column":40},"end":{"line":75,"column":84}},"type":"default-arg","locations":[{"start":{"line":75,"column":48},"end":{"line":75,"column":84}}],"line":75},"9":{"loc":{"start":{"line":76,"column":2},"end":{"line":76,"column":null}},"type":"if","locations":[{"start":{"line":76,"column":2},"end":{"line":76,"column":null}},{"start":{},"end":{}}],"line":76},"10":{"loc":{"start":{"line":76,"column":6},"end":{"line":76,"column":70}},"type":"binary-expr","locations":[{"start":{"line":76,"column":6},"end":{"line":76,"column":39}},{"start":{"line":76,"column":39},"end":{"line":76,"column":70}}],"line":76},"11":{"loc":{"start":{"line":88,"column":4},"end":{"line":88,"column":null}},"type":"if","locations":[{"start":{"line":88,"column":4},"end":{"line":88,"column":null}},{"start":{},"end":{}}],"line":88},"12":{"loc":{"start":{"line":94,"column":24},"end":{"line":94,"column":66}},"type":"binary-expr","locations":[{"start":{"line":94,"column":24},"end":{"line":94,"column":64}},{"start":{"line":94,"column":64},"end":{"line":94,"column":66}}],"line":94},"13":{"loc":{"start":{"line":95,"column":23},"end":{"line":95,"column":63}},"type":"binary-expr","locations":[{"start":{"line":95,"column":23},"end":{"line":95,"column":61}},{"start":{"line":95,"column":61},"end":{"line":95,"column":63}}],"line":95},"14":{"loc":{"start":{"line":96,"column":21},"end":{"line":96,"column":59}},"type":"binary-expr","locations":[{"start":{"line":96,"column":21},"end":{"line":96,"column":57}},{"start":{"line":96,"column":57},"end":{"line":96,"column":59}}],"line":96},"15":{"loc":{"start":{"line":97,"column":20},"end":{"line":97,"column":57}},"type":"binary-expr","locations":[{"start":{"line":97,"column":20},"end":{"line":97,"column":55}},{"start":{"line":97,"column":55},"end":{"line":97,"column":57}}],"line":97},"16":{"loc":{"start":{"line":98,"column":27},"end":{"line":98,"column":72}},"type":"binary-expr","locations":[{"start":{"line":98,"column":27},"end":{"line":98,"column":70}},{"start":{"line":98,"column":70},"end":{"line":98,"column":72}}],"line":98},"17":{"loc":{"start":{"line":100,"column":8},"end":{"line":102,"column":null}},"type":"cond-expr","locations":[{"start":{"line":101,"column":13},"end":{"line":101,"column":null}},{"start":{"line":102,"column":12},"end":{"line":102,"column":null}}],"line":100},"18":{"loc":{"start":{"line":103,"column":20},"end":{"line":105,"column":null}},"type":"cond-expr","locations":[{"start":{"line":103,"column":45},"end":{"line":104,"column":null}},{"start":{"line":105,"column":10},"end":{"line":105,"column":null}}],"line":103},"19":{"loc":{"start":{"line":107,"column":20},"end":{"line":109,"column":null}},"type":"cond-expr","locations":[{"start":{"line":108,"column":10},"end":{"line":108,"column":null}},{"start":{"line":109,"column":10},"end":{"line":109,"column":null}}],"line":107},"20":{"loc":{"start":{"line":110,"column":24},"end":{"line":110,"column":65}},"type":"binary-expr","locations":[{"start":{"line":110,"column":24},"end":{"line":110,"column":63}},{"start":{"line":110,"column":63},"end":{"line":110,"column":65}}],"line":110},"21":{"loc":{"start":{"line":118,"column":2},"end":{"line":118,"column":null}},"type":"if","locations":[{"start":{"line":118,"column":2},"end":{"line":118,"column":null}},{"start":{},"end":{}}],"line":118},"22":{"loc":{"start":{"line":118,"column":6},"end":{"line":118,"column":70}},"type":"binary-expr","locations":[{"start":{"line":118,"column":6},"end":{"line":118,"column":39}},{"start":{"line":118,"column":39},"end":{"line":118,"column":70}}],"line":118}},"s":{"0":0,"1":0,"2":0,"3":0,"4":0,"5":0,"6":0,"7":0,"8":0,"9":0,"10":0,"11":0,"12":0,"13":0,"14":0,"15":0,"16":0,"17":0,"18":0,"19":0,"20":0,"21":0,"22":0,"23":0,"24":0,"25":0,"26":0,"27":0,"28":0,"29":0,"30":0,"31":0,"32":0,"33":0,"34":0,"35":0,"36":0,"37":0,"38":0,"39":0,"40":0},"f":{"0":0,"1":0,"2":0,"3":0,"4":0,"5":0,"6":0,"7":0,"8":0},"b":{"0":[0,0],"1":[0,0],"2":[0,0],"3":[0,0],"4":[0,0],"5":[0,0],"6":[0,0],"7":[0,0],"8":[0],"9":[0,0],"10":[0,0],"11":[0,0],"12":[0,0],"13":[0,0],"14":[0,0],"15":[0,0],"16":[0,0],"17":[0,0],"18":[0,0],"19":[0,0],"20":[0,0],"21":[0,0],"22":[0,0]},"meta":{"lastBranch":23,"lastFunction":9,"lastStatement":41,"seen":{"s:3:6:4:Infinity":0,"f:3:6:3:Infinity":0,"s:4:2:4:Infinity":1,"s:6:6:9:Infinity":2,"f:6:6:6:26":1,"s:6:26:9:Infinity":3,"s:11:23:17:Infinity":4,"f:19:9:19:18":2,"b:20:2:20:Infinity:undefined:undefined:undefined:undefined":0,"s:20:2:20:Infinity":5,"b:20:6:20:18:20:18:20:47":1,"s:20:47:20:Infinity":6,"b:21:2:21:Infinity:undefined:undefined:undefined:undefined":2,"s:21:2:21:Infinity":7,"s:21:30:21:Infinity":8,"s:22:42:22:Infinity":9,"s:23:2:25:Infinity":10,"s:24:4:24:Infinity":11,"b:24:54:24:69:24:69:24:Infinity":3,"s:26:2:26:Infinity":12,"f:39:16:39:35":3,"b:40:2:40:Infinity:undefined:undefined:undefined:undefined":4,"s:40:2:40:Infinity":13,"b:40:6:40:39:40:39:40:70":5,"s:40:70:40:Infinity":14,"s:42:20:42:Infinity":15,"b:42:41:42:72:42:72:42:Infinity":6,"s:43:42:51:Infinity":16,"b:52:2:52:Infinity:undefined:undefined:undefined:undefined":7,"s:52:2:52:Infinity":17,"s:52:17:52:Infinity":18,"s:54:2:58:Infinity":19,"f:58:5:58:12":4,"s:58:20:58:72":20,"f:75:22:75:40":5,"b:75:48:75:84":8,"b:76:2:76:Infinity:undefined:undefined:undefined:undefined":9,"s:76:2:76:Infinity":21,"b:76:6:76:39:76:39:76:70":10,"s:76:70:76:Infinity":22,"s:78:17:78:Infinity":23,"s:79:2:79:Infinity":24,"s:80:2:80:Infinity":25,"s:81:2:81:Infinity":26,"s:83:2:114:Infinity":27,"s:84:16:87:Infinity":28,"b:88:4:88:Infinity:undefined:undefined:undefined:undefined":11,"s:88:4:88:Infinity":29,"s:88:17:88:Infinity":30,"s:89:17:89:Infinity":31,"s:92:4:111:Infinity":32,"f:92:24:92:29":6,"s:92:36:111:6":33,"b:94:24:94:64:94:64:94:66":12,"b:95:23:95:61:95:61:95:63":13,"b:96:21:96:57:96:57:96:59":14,"b:97:20:97:55:97:55:97:57":15,"b:98:27:98:70:98:70:98:72":16,"b:101:13:101:Infinity:102:12:102:Infinity":17,"b:103:45:104:Infinity:105:10:105:Infinity":18,"f:103:45:103:Infinity":7,"s:104:19:104:121":34,"s:104:25:104:92":35,"s:104:102:104:119":36,"b:108:10:108:Infinity:109:10:109:Infinity":19,"b:110:24:110:63:110:63:110:65":20,"s:113:4:113:Infinity":37,"f:117:22:117:35":8,"b:118:2:118:Infinity:undefined:undefined:undefined:undefined":21,"s:118:2:118:Infinity":38,"b:118:6:118:39:118:39:118:70":22,"s:118:70:118:Infinity":39,"s:119:2:128:Infinity":40},"fnNames":{}}}
,"C:\\Users\\Sa7ar\\OneDrive\\Documents\\as\\woodwings\\code\\lib\\fieldMap.ts": {"path":"C:\\Users\\Sa7ar\\OneDrive\\Documents\\as\\woodwings\\code\\lib\\fieldMap.ts","statementMap":{"0":{"start":{"line":1,"column":23},"end":{"line":8,"column":null}},"1":{"start":{"line":10,"column":30},"end":{"line":21,"column":null}},"2":{"start":{"line":23,"column":21},"end":{"line":77,"column":null}},"3":{"start":{"line":79,"column":24},"end":{"line":115,"column":null}},"4":{"start":{"line":117,"column":29},"end":{"line":130,"column":null}},"5":{"start":{"line":132,"column":26},"end":{"line":145,"column":null}},"6":{"start":{"line":147,"column":24},"end":{"line":166,"column":null}},"7":{"start":{"line":168,"column":28},"end":{"line":174,"column":null}},"8":{"start":{"line":176,"column":27},"end":{"line":184,"column":null}},"9":{"start":{"line":186,"column":29},"end":{"line":193,"column":null}},"10":{"start":{"line":195,"column":27},"end":{"line":204,"column":null}},"11":{"start":{"line":206,"column":31},"end":{"line":218,"column":null}},"12":{"start":{"line":221,"column":31},"end":{"line":234,"column":null}},"13":{"start":{"line":236,"column":33},"end":{"line":247,"column":null}},"14":{"start":{"line":249,"column":31},"end":{"line":263,"column":null}},"15":{"start":{"line":265,"column":31},"end":{"line":273,"column":null}},"16":{"start":{"line":275,"column":37},"end":{"line":288,"column":null}},"17":{"start":{"line":290,"column":23},"end":{"line":298,"column":null}},"18":{"start":{"line":300,"column":32},"end":{"line":317,"column":null}}},"fnMap":{},"branchMap":{},"s":{"0":0,"1":0,"2":0,"3":0,"4":0,"5":0,"6":0,"7":0,"8":0,"9":0,"10":0,"11":0,"12":0,"13":0,"14":0,"15":0,"16":0,"17":0,"18":0},"f":{},"b":{},"meta":{"lastBranch":0,"lastFunction":0,"lastStatement":19,"seen":{"s:1:23:8:Infinity":0,"s:10:30:21:Infinity":1,"s:23:21:77:Infinity":2,"s:79:24:115:Infinity":3,"s:117:29:130:Infinity":4,"s:132:26:145:Infinity":5,"s:147:24:166:Infinity":6,"s:168:28:174:Infinity":7,"s:176:27:184:Infinity":8,"s:186:29:193:Infinity":9,"s:195:27:204:Infinity":10,"s:206:31:218:Infinity":11,"s:221:31:234:Infinity":12,"s:236:33:247:Infinity":13,"s:249:31:263:Infinity":14,"s:265:31:273:Infinity":15,"s:275:37:288:Infinity":16,"s:290:23:298:Infinity":17,"s:300:32:317:Infinity":18},"fnNames":{}}}
,"C:\\Users\\Sa7ar\\OneDrive\\Documents\\as\\woodwings\\code\\lib\\logger.ts": {"path":"C:\\Users\\Sa7ar\\OneDrive\\Documents\\as\\woodwings\\code\\lib\\logger.ts","statementMap":{"0":{"start":{"line":3,"column":6},"end":{"line":4,"column":null}},"1":{"start":{"line":4,"column":2},"end":{"line":4,"column":null}},"2":{"start":{"line":6,"column":6},"end":{"line":9,"column":null}},"3":{"start":{"line":6,"column":26},"end":{"line":9,"column":null}},"4":{"start":{"line":23,"column":34},"end":{"line":23,"column":null}},"5":{"start":{"line":24,"column":56},"end":{"line":24,"column":null}},"6":{"start":{"line":27,"column":2},"end":{"line":27,"column":null}},"7":{"start":{"line":27,"column":19},"end":{"line":27,"column":null}},"8":{"start":{"line":28,"column":2},"end":{"line":28,"column":null}},"9":{"start":{"line":32,"column":2},"end":{"line":32,"column":null}},"10":{"start":{"line":33,"column":2},"end":{"line":33,"column":null}},"11":{"start":{"line":33,"column":28},"end":{"line":33,"column":null}},"12":{"start":{"line":34,"column":16},"end":{"line":34,"column":null}},"13":{"start":{"line":35,"column":2},"end":{"line":39,"column":null}},"14":{"start":{"line":39,"column":20},"end":{"line":39,"column":70}},"15":{"start":{"line":40,"column":2},"end":{"line":40,"column":null}},"16":{"start":{"line":40,"column":26},"end":{"line":40,"column":null}},"17":{"start":{"line":44,"column":20},"end":{"line":44,"column":null}},"18":{"start":{"line":47,"column":4},"end":{"line":51,"column":null}},"19":{"start":{"line":52,"column":2},"end":{"line":52,"column":null}},"20":{"start":{"line":55,"column":2},"end":{"line":55,"column":null}},"21":{"start":{"line":55,"column":30},"end":{"line":55,"column":null}},"22":{"start":{"line":56,"column":2},"end":{"line":56,"column":null}},"23":{"start":{"line":56,"column":70},"end":{"line":56,"column":null}},"24":{"start":{"line":58,"column":42},"end":{"line":63,"column":null}},"25":{"start":{"line":64,"column":2},"end":{"line":64,"column":null}},"26":{"start":{"line":64,"column":20},"end":{"line":64,"column":null}},"27":{"start":{"line":65,"column":2},"end":{"line":65,"column":null}},"28":{"start":{"line":65,"column":38},"end":{"line":65,"column":null}},"29":{"start":{"line":66,"column":2},"end":{"line":66,"column":null}},"30":{"start":{"line":66,"column":22},"end":{"line":66,"column":null}},"31":{"start":{"line":68,"column":2},"end":{"line":68,"column":null}},"32":{"start":{"line":69,"column":2},"end":{"line":73,"column":null}},"33":{"start":{"line":70,"column":4},"end":{"line":70,"column":null}},"34":{"start":{"line":72,"column":4},"end":{"line":72,"column":null}},"35":{"start":{"line":94,"column":2},"end":{"line":94,"column":null}},"36":{"start":{"line":94,"column":70},"end":{"line":94,"column":null}},"37":{"start":{"line":96,"column":17},"end":{"line":96,"column":null}},"38":{"start":{"line":97,"column":2},"end":{"line":97,"column":null}},"39":{"start":{"line":98,"column":2},"end":{"line":98,"column":null}},"40":{"start":{"line":99,"column":2},"end":{"line":99,"column":null}},"41":{"start":{"line":101,"column":28},"end":{"line":101,"column":null}},"42":{"start":{"line":102,"column":2},"end":{"line":102,"column":null}},"43":{"start":{"line":102,"column":21},"end":{"line":102,"column":null}},"44":{"start":{"line":103,"column":2},"end":{"line":103,"column":null}},"45":{"start":{"line":103,"column":25},"end":{"line":103,"column":null}},"46":{"start":{"line":104,"column":2},"end":{"line":104,"column":null}},"47":{"start":{"line":104,"column":28},"end":{"line":104,"column":null}},"48":{"start":{"line":105,"column":2},"end":{"line":105,"column":null}},"49":{"start":{"line":105,"column":26},"end":{"line":105,"column":null}},"50":{"start":{"line":107,"column":2},"end":{"line":133,"column":null}},"51":{"start":{"line":108,"column":16},"end":{"line":111,"column":null}},"52":{"start":{"line":112,"column":4},"end":{"line":112,"column":null}},"53":{"start":{"line":112,"column":17},"end":{"line":112,"column":null}},"54":{"start":{"line":113,"column":17},"end":{"line":113,"column":null}},"55":{"start":{"line":116,"column":4},"end":{"line":130,"column":null}},"56":{"start":{"line":116,"column":36},"end":{"line":130,"column":6}},"57":{"start":{"line":127,"column":19},"end":{"line":127,"column":112}},"58":{"start":{"line":127,"column":25},"end":{"line":127,"column":83}},"59":{"start":{"line":127,"column":93},"end":{"line":127,"column":110}},"60":{"start":{"line":132,"column":4},"end":{"line":132,"column":null}}},"fnMap":{"0":{"name":"(anonymous_0)","decl":{"start":{"line":3,"column":6},"end":{"line":3,"column":null}},"loc":{"start":{"line":4,"column":2},"end":{"line":4,"column":null}},"line":4},"1":{"name":"(anonymous_1)","decl":{"start":{"line":6,"column":6},"end":{"line":6,"column":26}},"loc":{"start":{"line":6,"column":26},"end":{"line":9,"column":null}},"line":6},"2":{"name":"scheduleFlush","decl":{"start":{"line":26,"column":9},"end":{"line":26,"column":31}},"loc":{"start":{"line":26,"column":31},"end":{"line":29,"column":null}},"line":26},"3":{"name":"flushBuffer","decl":{"start":{"line":31,"column":9},"end":{"line":31,"column":29}},"loc":{"start":{"line":31,"column":29},"end":{"line":41,"column":null}},"line":31},"4":{"name":"(anonymous_4)","decl":{"start":{"line":39,"column":5},"end":{"line":39,"column":12}},"loc":{"start":{"line":39,"column":20},"end":{"line":39,"column":70}},"line":39},"5":{"name":"log","decl":{"start":{"line":43,"column":16},"end":{"line":43,"column":20}},"loc":{"start":{"line":43,"column":43},"end":{"line":74,"column":null}},"line":43},"6":{"name":"getLogs","decl":{"start":{"line":93,"column":22},"end":{"line":93,"column":30}},"loc":{"start":{"line":93,"column":84},"end":{"line":134,"column":null}},"line":93},"7":{"name":"(anonymous_7)","decl":{"start":{"line":116,"column":24},"end":{"line":116,"column":29}},"loc":{"start":{"line":116,"column":36},"end":{"line":130,"column":6}},"line":116},"8":{"name":"(anonymous_8)","decl":{"start":{"line":126,"column":37},"end":{"line":126,"column":null}},"loc":{"start":{"line":127,"column":17},"end":{"line":127,"column":115}},"line":127}},"branchMap":{"0":{"loc":{"start":{"line":27,"column":2},"end":{"line":27,"column":null}},"type":"if","locations":[{"start":{"line":27,"column":2},"end":{"line":27,"column":null}},{"start":{},"end":{}}],"line":27},"1":{"loc":{"start":{"line":33,"column":2},"end":{"line":33,"column":null}},"type":"if","locations":[{"start":{"line":33,"column":2},"end":{"line":33,"column":null}},{"start":{},"end":{}}],"line":33},"2":{"loc":{"start":{"line":40,"column":2},"end":{"line":40,"column":null}},"type":"if","locations":[{"start":{"line":40,"column":2},"end":{"line":40,"column":null}},{"start":{},"end":{}}],"line":40},"3":{"loc":{"start":{"line":47,"column":4},"end":{"line":51,"column":null}},"type":"cond-expr","locations":[{"start":{"line":48,"column":8},"end":{"line":48,"column":null}},{"start":{"line":49,"column":8},"end":{"line":51,"column":null}}],"line":47},"4":{"loc":{"start":{"line":49,"column":8},"end":{"line":51,"column":null}},"type":"cond-expr","locations":[{"start":{"line":50,"column":10},"end":{"line":50,"column":null}},{"start":{"line":51,"column":10},"end":{"line":51,"column":null}}],"line":49},"5":{"loc":{"start":{"line":52,"column":80},"end":{"line":52,"column":100}},"type":"binary-expr","locations":[{"start":{"line":52,"column":80},"end":{"line":52,"column":98}},{"start":{"line":52,"column":98},"end":{"line":52,"column":100}}],"line":52},"6":{"loc":{"start":{"line":55,"column":2},"end":{"line":55,"column":null}},"type":"if","locations":[{"start":{"line":55,"column":2},"end":{"line":55,"column":null}},{"start":{},"end":{}}],"line":55},"7":{"loc":{"start":{"line":56,"column":2},"end":{"line":56,"column":null}},"type":"if","locations":[{"start":{"line":56,"column":2},"end":{"line":56,"column":null}},{"start":{},"end":{}}],"line":56},"8":{"loc":{"start":{"line":56,"column":6},"end":{"line":56,"column":70}},"type":"binary-expr","locations":[{"start":{"line":56,"column":6},"end":{"line":56,"column":39}},{"start":{"line":56,"column":39},"end":{"line":56,"column":70}}],"line":56},"9":{"loc":{"start":{"line":64,"column":2},"end":{"line":64,"column":null}},"type":"if","locations":[{"start":{"line":64,"column":2},"end":{"line":64,"column":null}},{"start":{},"end":{}}],"line":64},"10":{"loc":{"start":{"line":65,"column":2},"end":{"line":65,"column":null}},"type":"if","locations":[{"start":{"line":65,"column":2},"end":{"line":65,"column":null}},{"start":{},"end":{}}],"line":65},"11":{"loc":{"start":{"line":66,"column":2},"end":{"line":66,"column":null}},"type":"if","locations":[{"start":{"line":66,"column":2},"end":{"line":66,"column":null}},{"start":{},"end":{}}],"line":66},"12":{"loc":{"start":{"line":69,"column":2},"end":{"line":73,"column":null}},"type":"if","locations":[{"start":{"line":69,"column":2},"end":{"line":73,"column":null}},{"start":{"line":71,"column":9},"end":{"line":73,"column":null}}],"line":69},"13":{"loc":{"start":{"line":93,"column":30},"end":{"line":93,"column":84}},"type":"default-arg","locations":[{"start":{"line":93,"column":58},"end":{"line":93,"column":84}}],"line":93},"14":{"loc":{"start":{"line":94,"column":2},"end":{"line":94,"column":null}},"type":"if","locations":[{"start":{"line":94,"column":2},"end":{"line":94,"column":null}},{"start":{},"end":{}}],"line":94},"15":{"loc":{"start":{"line":94,"column":6},"end":{"line":94,"column":70}},"type":"binary-expr","locations":[{"start":{"line":94,"column":6},"end":{"line":94,"column":39}},{"start":{"line":94,"column":39},"end":{"line":94,"column":70}}],"line":94},"16":{"loc":{"start":{"line":99,"column":34},"end":{"line":99,"column":53}},"type":"binary-expr","locations":[{"start":{"line":99,"column":34},"end":{"line":99,"column":51}},{"start":{"line":99,"column":51},"end":{"line":99,"column":53}}],"line":99},"17":{"loc":{"start":{"line":102,"column":2},"end":{"line":102,"column":null}},"type":"if","locations":[{"start":{"line":102,"column":2},"end":{"line":102,"column":null}},{"start":{},"end":{}}],"line":102},"18":{"loc":{"start":{"line":103,"column":2},"end":{"line":103,"column":null}},"type":"if","locations":[{"start":{"line":103,"column":2},"end":{"line":103,"column":null}},{"start":{},"end":{}}],"line":103},"19":{"loc":{"start":{"line":104,"column":2},"end":{"line":104,"column":null}},"type":"if","locations":[{"start":{"line":104,"column":2},"end":{"line":104,"column":null}},{"start":{},"end":{}}],"line":104},"20":{"loc":{"start":{"line":105,"column":2},"end":{"line":105,"column":null}},"type":"if","locations":[{"start":{"line":105,"column":2},"end":{"line":105,"column":null}},{"start":{},"end":{}}],"line":105},"21":{"loc":{"start":{"line":112,"column":4},"end":{"line":112,"column":null}},"type":"if","locations":[{"start":{"line":112,"column":4},"end":{"line":112,"column":null}},{"start":{},"end":{}}],"line":112},"22":{"loc":{"start":{"line":118,"column":20},"end":{"line":118,"column":53}},"type":"binary-expr","locations":[{"start":{"line":118,"column":20},"end":{"line":118,"column":51}},{"start":{"line":118,"column":51},"end":{"line":118,"column":53}}],"line":118},"23":{"loc":{"start":{"line":119,"column":20},"end":{"line":119,"column":57}},"type":"binary-expr","locations":[{"start":{"line":119,"column":20},"end":{"line":119,"column":51}},{"start":{"line":119,"column":51},"end":{"line":119,"column":57}}],"line":119},"24":{"loc":{"start":{"line":120,"column":24},"end":{"line":120,"column":62}},"type":"binary-expr","locations":[{"start":{"line":120,"column":24},"end":{"line":120,"column":60}},{"start":{"line":120,"column":60},"end":{"line":120,"column":62}}],"line":120},"25":{"loc":{"start":{"line":121,"column":14},"end":{"line":121,"column":null}},"type":"cond-expr","locations":[{"start":{"line":121,"column":46},"end":{"line":121,"column":86}},{"start":{"line":121,"column":86},"end":{"line":121,"column":null}}],"line":121},"26":{"loc":{"start":{"line":123,"column":8},"end":{"line":125,"column":null}},"type":"cond-expr","locations":[{"start":{"line":124,"column":13},"end":{"line":124,"column":null}},{"start":{"line":125,"column":12},"end":{"line":125,"column":null}}],"line":123},"27":{"loc":{"start":{"line":126,"column":16},"end":{"line":128,"column":null}},"type":"cond-expr","locations":[{"start":{"line":126,"column":37},"end":{"line":127,"column":null}},{"start":{"line":128,"column":10},"end":{"line":128,"column":null}}],"line":126},"28":{"loc":{"start":{"line":129,"column":24},"end":{"line":129,"column":61}},"type":"binary-expr","locations":[{"start":{"line":129,"column":24},"end":{"line":129,"column":59}},{"start":{"line":129,"column":59},"end":{"line":129,"column":61}}],"line":129}},"s":{"0":0,"1":0,"2":0,"3":0,"4":0,"5":0,"6":0,"7":0,"8":0,"9":0,"10":0,"11":0,"12":0,"13":0,"14":0,"15":0,"16":0,"17":0,"18":0,"19":0,"20":0,"21":0,"22":0,"23":0,"24":0,"25":0,"26":0,"27":0,"28":0,"29":0,"30":0,"31":0,"32":0,"33":0,"34":0,"35":0,"36":0,"37":0,"38":0,"39":0,"40":0,"41":0,"42":0,"43":0,"44":0,"45":0,"46":0,"47":0,"48":0,"49":0,"50":0,"51":0,"52":0,"53":0,"54":0,"55":0,"56":0,"57":0,"58":0,"59":0,"60":0},"f":{"0":0,"1":0,"2":0,"3":0,"4":0,"5":0,"6":0,"7":0,"8":0},"b":{"0":[0,0],"1":[0,0],"2":[0,0],"3":[0,0],"4":[0,0],"5":[0,0],"6":[0,0],"7":[0,0],"8":[0,0],"9":[0,0],"10":[0,0],"11":[0,0],"12":[0,0],"13":[0],"14":[0,0],"15":[0,0],"16":[0,0],"17":[0,0],"18":[0,0],"19":[0,0],"20":[0,0],"21":[0,0],"22":[0,0],"23":[0,0],"24":[0,0],"25":[0,0],"26":[0,0],"27":[0,0],"28":[0,0]},"meta":{"lastBranch":29,"lastFunction":9,"lastStatement":61,"seen":{"s:3:6:4:Infinity":0,"f:3:6:3:Infinity":0,"s:4:2:4:Infinity":1,"s:6:6:9:Infinity":2,"f:6:6:6:26":1,"s:6:26:9:Infinity":3,"s:23:34:23:Infinity":4,"s:24:56:24:Infinity":5,"f:26:9:26:31":2,"b:27:2:27:Infinity:undefined:undefined:undefined:undefined":0,"s:27:2:27:Infinity":6,"s:27:19:27:Infinity":7,"s:28:2:28:Infinity":8,"f:31:9:31:29":3,"s:32:2:32:Infinity":9,"b:33:2:33:Infinity:undefined:undefined:undefined:undefined":1,"s:33:2:33:Infinity":10,"s:33:28:33:Infinity":11,"s:34:16:34:Infinity":12,"s:35:2:39:Infinity":13,"f:39:5:39:12":4,"s:39:20:39:70":14,"b:40:2:40:Infinity:undefined:undefined:undefined:undefined":2,"s:40:2:40:Infinity":15,"s:40:26:40:Infinity":16,"f:43:16:43:20":5,"s:44:20:44:Infinity":17,"s:47:4:51:Infinity":18,"b:48:8:48:Infinity:49:8:51:Infinity":3,"b:50:10:50:Infinity:51:10:51:Infinity":4,"s:52:2:52:Infinity":19,"b:52:80:52:98:52:98:52:100":5,"b:55:2:55:Infinity:undefined:undefined:undefined:undefined":6,"s:55:2:55:Infinity":20,"s:55:30:55:Infinity":21,"b:56:2:56:Infinity:undefined:undefined:undefined:undefined":7,"s:56:2:56:Infinity":22,"b:56:6:56:39:56:39:56:70":8,"s:56:70:56:Infinity":23,"s:58:42:63:Infinity":24,"b:64:2:64:Infinity:undefined:undefined:undefined:undefined":9,"s:64:2:64:Infinity":25,"s:64:20:64:Infinity":26,"b:65:2:65:Infinity:undefined:undefined:undefined:undefined":10,"s:65:2:65:Infinity":27,"s:65:38:65:Infinity":28,"b:66:2:66:Infinity:undefined:undefined:undefined:undefined":11,"s:66:2:66:Infinity":29,"s:66:22:66:Infinity":30,"s:68:2:68:Infinity":31,"b:69:2:73:Infinity:71:9:73:Infinity":12,"s:69:2:73:Infinity":32,"s:70:4:70:Infinity":33,"s:72:4:72:Infinity":34,"f:93:22:93:30":6,"b:93:58:93:84":13,"b:94:2:94:Infinity:undefined:undefined:undefined:undefined":14,"s:94:2:94:Infinity":35,"b:94:6:94:39:94:39:94:70":15,"s:94:70:94:Infinity":36,"s:96:17:96:Infinity":37,"s:97:2:97:Infinity":38,"s:98:2:98:Infinity":39,"s:99:2:99:Infinity":40,"b:99:34:99:51:99:51:99:53":16,"s:101:28:101:Infinity":41,"b:102:2:102:Infinity:undefined:undefined:undefined:undefined":17,"s:102:2:102:Infinity":42,"s:102:21:102:Infinity":43,"b:103:2:103:Infinity:undefined:undefined:undefined:undefined":18,"s:103:2:103:Infinity":44,"s:103:25:103:Infinity":45,"b:104:2:104:Infinity:undefined:undefined:undefined:undefined":19,"s:104:2:104:Infinity":46,"s:104:28:104:Infinity":47,"b:105:2:105:Infinity:undefined:undefined:undefined:undefined":20,"s:105:2:105:Infinity":48,"s:105:26:105:Infinity":49,"s:107:2:133:Infinity":50,"s:108:16:111:Infinity":51,"b:112:4:112:Infinity:undefined:undefined:undefined:undefined":21,"s:112:4:112:Infinity":52,"s:112:17:112:Infinity":53,"s:113:17:113:Infinity":54,"s:116:4:130:Infinity":55,"f:116:24:116:29":7,"s:116:36:130:6":56,"b:118:20:118:51:118:51:118:53":22,"b:119:20:119:51:119:51:119:57":23,"b:120:24:120:60:120:60:120:62":24,"b:121:46:121:86:121:86:121:Infinity":25,"b:124:13:124:Infinity:125:12:125:Infinity":26,"b:126:37:127:Infinity:128:10:128:Infinity":27,"f:126:37:126:Infinity":8,"s:127:19:127:112":57,"s:127:25:127:83":58,"s:127:93:127:110":59,"b:129:24:129:59:129:59:129:61":28,"s:132:4:132:Infinity":60},"fnNames":{}}}
,"C:\\Users\\Sa7ar\\OneDrive\\Documents\\as\\woodwings\\code\\lib\\metrics.ts": {"path":"C:\\Users\\Sa7ar\\OneDrive\\Documents\\as\\woodwings\\code\\lib\\metrics.ts","statementMap":{"0":{"start":{"line":1,"column":28},"end":{"line":1,"column":null}},"1":{"start":{"line":15,"column":31},"end":{"line":25,"column":null}},"2":{"start":{"line":28,"column":2},"end":{"line":28,"column":null}},"3":{"start":{"line":29,"column":2},"end":{"line":29,"column":null}},"4":{"start":{"line":30,"column":2},"end":{"line":35,"column":null}},"5":{"start":{"line":31,"column":4},"end":{"line":31,"column":null}},"6":{"start":{"line":33,"column":4},"end":{"line":33,"column":null}},"7":{"start":{"line":34,"column":4},"end":{"line":34,"column":null}},"8":{"start":{"line":36,"column":2},"end":{"line":38,"column":null}},"9":{"start":{"line":37,"column":4},"end":{"line":37,"column":null}},"10":{"start":{"line":39,"column":2},"end":{"line":39,"column":null}},"11":{"start":{"line":43,"column":2},"end":{"line":43,"column":null}},"12":{"start":{"line":47,"column":2},"end":{"line":47,"column":null}},"13":{"start":{"line":51,"column":16},"end":{"line":51,"column":null}},"14":{"start":{"line":52,"column":23},"end":{"line":52,"column":null}},"15":{"start":{"line":53,"column":17},"end":{"line":53,"column":null}},"16":{"start":{"line":53,"column":56},"end":{"line":53,"column":61}},"17":{"start":{"line":54,"column":19},"end":{"line":54,"column":null}},"18":{"start":{"line":55,"column":23},"end":{"line":55,"column":null}},"19":{"start":{"line":56,"column":20},"end":{"line":56,"column":null}},"20":{"start":{"line":57,"column":22},"end":{"line":57,"column":null}},"21":{"start":{"line":59,"column":2},"end":{"line":71,"column":null}},"22":{"start":{"line":76,"column":12},"end":{"line":76,"column":null}},"23":{"start":{"line":77,"column":2},"end":{"line":77,"column":null}},"24":{"start":{"line":77,"column":42},"end":{"line":77,"column":null}},"25":{"start":{"line":78,"column":2},"end":{"line":78,"column":null}},"26":{"start":{"line":78,"column":24},"end":{"line":78,"column":null}},"27":{"start":{"line":79,"column":2},"end":{"line":79,"column":null}}},"fnMap":{"0":{"name":"recordRequest","decl":{"start":{"line":27,"column":16},"end":{"line":27,"column":30}},"loc":{"start":{"line":27,"column":74},"end":{"line":40,"column":null}},"line":27},"1":{"name":"recordAirtableFailure","decl":{"start":{"line":42,"column":16},"end":{"line":42,"column":46}},"loc":{"start":{"line":42,"column":46},"end":{"line":44,"column":null}},"line":42},"2":{"name":"recordRateLimit","decl":{"start":{"line":46,"column":16},"end":{"line":46,"column":40}},"loc":{"start":{"line":46,"column":40},"end":{"line":48,"column":null}},"line":46},"3":{"name":"getMetrics","decl":{"start":{"line":50,"column":16},"end":{"line":50,"column":29}},"loc":{"start":{"line":50,"column":29},"end":{"line":72,"column":null}},"line":50},"4":{"name":"(anonymous_4)","decl":{"start":{"line":53,"column":41},"end":{"line":53,"column":47}},"loc":{"start":{"line":53,"column":56},"end":{"line":53,"column":61}},"line":53},"5":{"name":"getSystemStatus","decl":{"start":{"line":75,"column":16},"end":{"line":75,"column":32}},"loc":{"start":{"line":75,"column":89},"end":{"line":80,"column":null}},"line":75}},"branchMap":{"0":{"loc":{"start":{"line":30,"column":2},"end":{"line":35,"column":null}},"type":"if","locations":[{"start":{"line":30,"column":2},"end":{"line":35,"column":null}},{"start":{"line":32,"column":9},"end":{"line":35,"column":null}}],"line":30},"1":{"loc":{"start":{"line":36,"column":2},"end":{"line":38,"column":null}},"type":"if","locations":[{"start":{"line":36,"column":2},"end":{"line":38,"column":null}},{"start":{},"end":{}}],"line":36},"2":{"loc":{"start":{"line":52,"column":23},"end":{"line":52,"column":null}},"type":"cond-expr","locations":[{"start":{"line":52,"column":35},"end":{"line":52,"column":81}},{"start":{"line":52,"column":81},"end":{"line":52,"column":null}}],"line":52},"3":{"loc":{"start":{"line":55,"column":23},"end":{"line":55,"column":null}},"type":"binary-expr","locations":[{"start":{"line":55,"column":23},"end":{"line":55,"column":43}},{"start":{"line":55,"column":43},"end":{"line":55,"column":null}}],"line":55},"4":{"loc":{"start":{"line":56,"column":20},"end":{"line":56,"column":null}},"type":"cond-expr","locations":[{"start":{"line":56,"column":32},"end":{"line":56,"column":88}},{"start":{"line":56,"column":88},"end":{"line":56,"column":null}}],"line":56},"5":{"loc":{"start":{"line":70,"column":17},"end":{"line":70,"column":null}},"type":"cond-expr","locations":[{"start":{"line":70,"column":40},"end":{"line":70,"column":87}},{"start":{"line":70,"column":87},"end":{"line":70,"column":null}}],"line":70},"6":{"loc":{"start":{"line":75,"column":32},"end":{"line":75,"column":89}},"type":"default-arg","locations":[{"start":{"line":75,"column":50},"end":{"line":75,"column":89}}],"line":75},"7":{"loc":{"start":{"line":77,"column":2},"end":{"line":77,"column":null}},"type":"if","locations":[{"start":{"line":77,"column":2},"end":{"line":77,"column":null}},{"start":{},"end":{}}],"line":77},"8":{"loc":{"start":{"line":77,"column":6},"end":{"line":77,"column":42}},"type":"binary-expr","locations":[{"start":{"line":77,"column":6},"end":{"line":77,"column":25}},{"start":{"line":77,"column":25},"end":{"line":77,"column":42}}],"line":77},"9":{"loc":{"start":{"line":78,"column":2},"end":{"line":78,"column":null}},"type":"if","locations":[{"start":{"line":78,"column":2},"end":{"line":78,"column":null}},{"start":{},"end":{}}],"line":78}},"s":{"0":0,"1":0,"2":0,"3":0,"4":0,"5":0,"6":0,"7":0,"8":0,"9":0,"10":0,"11":0,"12":0,"13":0,"14":0,"15":0,"16":0,"17":0,"18":0,"19":0,"20":0,"21":0,"22":0,"23":0,"24":0,"25":0,"26":0,"27":0},"f":{"0":0,"1":0,"2":0,"3":0,"4":0,"5":0},"b":{"0":[0,0],"1":[0,0],"2":[0,0],"3":[0,0],"4":[0,0],"5":[0,0],"6":[0],"7":[0,0],"8":[0,0],"9":[0,0]},"meta":{"lastBranch":10,"lastFunction":6,"lastStatement":28,"seen":{"s:1:28:1:Infinity":0,"s:15:31:25:Infinity":1,"f:27:16:27:30":0,"s:28:2:28:Infinity":2,"s:29:2:29:Infinity":3,"b:30:2:35:Infinity:32:9:35:Infinity":0,"s:30:2:35:Infinity":4,"s:31:4:31:Infinity":5,"s:33:4:33:Infinity":6,"s:34:4:34:Infinity":7,"b:36:2:38:Infinity:undefined:undefined:undefined:undefined":1,"s:36:2:38:Infinity":8,"s:37:4:37:Infinity":9,"s:39:2:39:Infinity":10,"f:42:16:42:46":1,"s:43:2:43:Infinity":11,"f:46:16:46:40":2,"s:47:2:47:Infinity":12,"f:50:16:50:29":3,"s:51:16:51:Infinity":13,"s:52:23:52:Infinity":14,"b:52:35:52:81:52:81:52:Infinity":2,"s:53:17:53:Infinity":15,"f:53:41:53:47":4,"s:53:56:53:61":16,"s:54:19:54:Infinity":17,"s:55:23:55:Infinity":18,"b:55:23:55:43:55:43:55:Infinity":3,"s:56:20:56:Infinity":19,"b:56:32:56:88:56:88:56:Infinity":4,"s:57:22:57:Infinity":20,"s:59:2:71:Infinity":21,"b:70:40:70:87:70:87:70:Infinity":5,"f:75:16:75:32":5,"b:75:50:75:89":6,"s:76:12:76:Infinity":22,"b:77:2:77:Infinity:undefined:undefined:undefined:undefined":7,"s:77:2:77:Infinity":23,"b:77:6:77:25:77:25:77:42":8,"s:77:42:77:Infinity":24,"b:78:2:78:Infinity:undefined:undefined:undefined:undefined":9,"s:78:2:78:Infinity":25,"s:78:24:78:Infinity":26,"s:79:2:79:Infinity":27},"fnNames":{}}}
,"C:\\Users\\Sa7ar\\OneDrive\\Documents\\as\\woodwings\\code\\lib\\metricsSnapshot.ts": {"path":"C:\\Users\\Sa7ar\\OneDrive\\Documents\\as\\woodwings\\code\\lib\\metricsSnapshot.ts","statementMap":{"0":{"start":{"line":4,"column":29},"end":{"line":4,"column":null}},"1":{"start":{"line":5,"column":23},"end":{"line":5,"column":null}},"2":{"start":{"line":8,"column":2},"end":{"line":23,"column":null}},"3":{"start":{"line":9,"column":14},"end":{"line":9,"column":null}},"4":{"start":{"line":10,"column":10},"end":{"line":10,"column":null}},"5":{"start":{"line":11,"column":10},"end":{"line":11,"column":null}},"6":{"start":{"line":12,"column":4},"end":{"line":16,"column":null}},"7":{"start":{"line":17,"column":4},"end":{"line":20,"column":null}},"8":{"start":{"line":22,"column":4},"end":{"line":22,"column":null}},"9":{"start":{"line":26,"column":15},"end":{"line":26,"column":null}},"10":{"start":{"line":29,"column":2},"end":{"line":29,"column":null}},"11":{"start":{"line":29,"column":54},"end":{"line":29,"column":null}},"12":{"start":{"line":30,"column":2},"end":{"line":30,"column":null}},"13":{"start":{"line":31,"column":2},"end":{"line":31,"column":null}},"14":{"start":{"line":31,"column":22},"end":{"line":31,"column":59}}},"fnMap":{"0":{"name":"writeSnapshot","decl":{"start":{"line":7,"column":15},"end":{"line":7,"column":46}},"loc":{"start":{"line":7,"column":46},"end":{"line":24,"column":null}},"line":7},"1":{"name":"startMetricsSnapshots","decl":{"start":{"line":28,"column":16},"end":{"line":28,"column":46}},"loc":{"start":{"line":28,"column":46},"end":{"line":32,"column":null}},"line":28},"2":{"name":"(anonymous_2)","decl":{"start":{"line":31,"column":2},"end":{"line":31,"column":20}},"loc":{"start":{"line":31,"column":20},"end":{"line":31,"column":62}},"line":31}},"branchMap":{"0":{"loc":{"start":{"line":29,"column":2},"end":{"line":29,"column":null}},"type":"if","locations":[{"start":{"line":29,"column":2},"end":{"line":29,"column":null}},{"start":{},"end":{}}],"line":29},"1":{"loc":{"start":{"line":29,"column":6},"end":{"line":29,"column":54}},"type":"binary-expr","locations":[{"start":{"line":29,"column":6},"end":{"line":29,"column":18}},{"start":{"line":29,"column":18},"end":{"line":29,"column":54}}],"line":29}},"s":{"0":0,"1":0,"2":0,"3":0,"4":0,"5":0,"6":0,"7":0,"8":0,"9":0,"10":0,"11":0,"12":0,"13":0,"14":0},"f":{"0":0,"1":0,"2":0},"b":{"0":[0,0],"1":[0,0]},"meta":{"lastBranch":2,"lastFunction":3,"lastStatement":15,"seen":{"s:4:29:4:Infinity":0,"s:5:23:5:Infinity":1,"f:7:15:7:46":0,"s:8:2:23:Infinity":2,"s:9:14:9:Infinity":3,"s:10:10:10:Infinity":4,"s:11:10:11:Infinity":5,"s:12:4:16:Infinity":6,"s:17:4:20:Infinity":7,"s:22:4:22:Infinity":8,"s:26:15:26:Infinity":9,"f:28:16:28:46":1,"b:29:2:29:Infinity:undefined:undefined:undefined:undefined":0,"s:29:2:29:Infinity":10,"b:29:6:29:18:29:18:29:54":1,"s:29:54:29:Infinity":11,"s:30:2:30:Infinity":12,"s:31:2:31:Infinity":13,"f:31:2:31:20":2,"s:31:22:31:59":14},"fnNames":{}}}
,"C:\\Users\\Sa7ar\\OneDrive\\Documents\\as\\woodwings\\code\\lib\\notifications.ts": {"path":"C:\\Users\\Sa7ar\\OneDrive\\Documents\\as\\woodwings\\code\\lib\\notifications.ts","statementMap":{"0":{"start":{"line":3,"column":53},"end":{"line":11,"column":null}},"1":{"start":{"line":13,"column":54},"end":{"line":19,"column":null}},"2":{"start":{"line":32,"column":23},"end":{"line":32,"column":null}},"3":{"start":{"line":41,"column":2},"end":{"line":57,"column":null}},"4":{"start":{"line":42,"column":14},"end":{"line":42,"column":null}},"5":{"start":{"line":43,"column":4},"end":{"line":46,"column":null}},"6":{"start":{"line":47,"column":4},"end":{"line":50,"column":null}},"7":{"start":{"line":52,"column":4},"end":{"line":56,"column":null}},"8":{"start":{"line":62,"column":12},"end":{"line":62,"column":null}},"9":{"start":{"line":63,"column":17},"end":{"line":68,"column":null}},"10":{"start":{"line":69,"column":2},"end":{"line":71,"column":null}},"11":{"start":{"line":70,"column":4},"end":{"line":70,"column":null}},"12":{"start":{"line":70,"column":54},"end":{"line":70,"column":65}},"13":{"start":{"line":75,"column":12},"end":{"line":75,"column":null}},"14":{"start":{"line":76,"column":17},"end":{"line":80,"column":null}},"15":{"start":{"line":81,"column":12},"end":{"line":81,"column":null}},"16":{"start":{"line":82,"column":2},"end":{"line":82,"column":null}},"17":{"start":{"line":86,"column":12},"end":{"line":86,"column":null}},"18":{"start":{"line":87,"column":2},"end":{"line":91,"column":null}},"19":{"start":{"line":95,"column":12},"end":{"line":95,"column":null}},"20":{"start":{"line":96,"column":17},"end":{"line":100,"column":null}},"21":{"start":{"line":101,"column":2},"end":{"line":103,"column":null}},"22":{"start":{"line":102,"column":4},"end":{"line":102,"column":null}},"23":{"start":{"line":102,"column":54},"end":{"line":102,"column":65}},"24":{"start":{"line":107,"column":12},"end":{"line":107,"column":null}},"25":{"start":{"line":108,"column":17},"end":{"line":111,"column":null}},"26":{"start":{"line":112,"column":12},"end":{"line":112,"column":null}},"27":{"start":{"line":113,"column":2},"end":{"line":113,"column":null}},"28":{"start":{"line":117,"column":12},"end":{"line":117,"column":null}},"29":{"start":{"line":118,"column":2},"end":{"line":118,"column":null}},"30":{"start":{"line":122,"column":12},"end":{"line":122,"column":null}},"31":{"start":{"line":123,"column":2},"end":{"line":126,"column":null}},"32":{"start":{"line":133,"column":2},"end":{"line":146,"column":null}},"33":{"start":{"line":134,"column":18},"end":{"line":136,"column":null}},"34":{"start":{"line":135,"column":18},"end":{"line":135,"column":34}},"35":{"start":{"line":136,"column":34},"end":{"line":136,"column":44}},"36":{"start":{"line":137,"column":24},"end":{"line":137,"column":null}},"37":{"start":{"line":138,"column":4},"end":{"line":145,"column":null}},"38":{"start":{"line":139,"column":6},"end":{"line":144,"column":null}}},"fnMap":{"0":{"name":"createNotification","decl":{"start":{"line":34,"column":22},"end":{"line":34,"column":41}},"loc":{"start":{"line":40,"column":18},"end":{"line":58,"column":null}},"line":40},"1":{"name":"getNotificationsForUser","decl":{"start":{"line":61,"column":22},"end":{"line":61,"column":46}},"loc":{"start":{"line":61,"column":115},"end":{"line":72,"column":null}},"line":61},"2":{"name":"(anonymous_2)","decl":{"start":{"line":69,"column":21},"end":{"line":69,"column":26}},"loc":{"start":{"line":70,"column":4},"end":{"line":70,"column":null}},"line":70},"3":{"name":"(anonymous_3)","decl":{"start":{"line":70,"column":38},"end":{"line":70,"column":43}},"loc":{"start":{"line":70,"column":54},"end":{"line":70,"column":65}},"line":70},"4":{"name":"getUnreadCountForUser","decl":{"start":{"line":74,"column":22},"end":{"line":74,"column":44}},"loc":{"start":{"line":74,"column":91},"end":{"line":83,"column":null}},"line":74},"5":{"name":"markAllReadForUser","decl":{"start":{"line":85,"column":22},"end":{"line":85,"column":41}},"loc":{"start":{"line":85,"column":86},"end":{"line":92,"column":null}},"line":85},"6":{"name":"getNotificationsForRole","decl":{"start":{"line":94,"column":22},"end":{"line":94,"column":46}},"loc":{"start":{"line":94,"column":99},"end":{"line":104,"column":null}},"line":94},"7":{"name":"(anonymous_7)","decl":{"start":{"line":101,"column":21},"end":{"line":101,"column":26}},"loc":{"start":{"line":102,"column":4},"end":{"line":102,"column":null}},"line":102},"8":{"name":"(anonymous_8)","decl":{"start":{"line":102,"column":38},"end":{"line":102,"column":43}},"loc":{"start":{"line":102,"column":54},"end":{"line":102,"column":65}},"line":102},"9":{"name":"getUnreadCountForRole","decl":{"start":{"line":106,"column":22},"end":{"line":106,"column":44}},"loc":{"start":{"line":106,"column":75},"end":{"line":114,"column":null}},"line":106},"10":{"name":"markNotificationRead","decl":{"start":{"line":116,"column":22},"end":{"line":116,"column":43}},"loc":{"start":{"line":116,"column":70},"end":{"line":119,"column":null}},"line":116},"11":{"name":"markAllReadForRole","decl":{"start":{"line":121,"column":22},"end":{"line":121,"column":41}},"loc":{"start":{"line":121,"column":70},"end":{"line":127,"column":null}},"line":121},"12":{"name":"notifyTasksReady","decl":{"start":{"line":129,"column":22},"end":{"line":129,"column":null}},"loc":{"start":{"line":132,"column":17},"end":{"line":147,"column":null}},"line":132},"13":{"name":"(anonymous_13)","decl":{"start":{"line":135,"column":7},"end":{"line":135,"column":12}},"loc":{"start":{"line":135,"column":18},"end":{"line":135,"column":34}},"line":135},"14":{"name":"(anonymous_14)","decl":{"start":{"line":136,"column":7},"end":{"line":136,"column":15}},"loc":{"start":{"line":136,"column":34},"end":{"line":136,"column":44}},"line":136}},"branchMap":{"0":{"loc":{"start":{"line":45,"column":33},"end":{"line":45,"column":63}},"type":"binary-expr","locations":[{"start":{"line":45,"column":33},"end":{"line":45,"column":57}},{"start":{"line":45,"column":57},"end":{"line":45,"column":63}}],"line":45},"1":{"loc":{"start":{"line":45,"column":75},"end":{"line":45,"column":92}},"type":"binary-expr","locations":[{"start":{"line":45,"column":75},"end":{"line":45,"column":88}},{"start":{"line":45,"column":88},"end":{"line":45,"column":92}}],"line":45},"2":{"loc":{"start":{"line":45,"column":92},"end":{"line":45,"column":107}},"type":"binary-expr","locations":[{"start":{"line":45,"column":92},"end":{"line":45,"column":105}},{"start":{"line":45,"column":105},"end":{"line":45,"column":107}}],"line":45},"3":{"loc":{"start":{"line":55,"column":13},"end":{"line":55,"column":null}},"type":"cond-expr","locations":[{"start":{"line":55,"column":36},"end":{"line":55,"column":50}},{"start":{"line":55,"column":50},"end":{"line":55,"column":null}}],"line":55},"4":{"loc":{"start":{"line":61,"column":76},"end":{"line":61,"column":115}},"type":"default-arg","locations":[{"start":{"line":61,"column":84},"end":{"line":61,"column":115}}],"line":61},"5":{"loc":{"start":{"line":82,"column":9},"end":{"line":82,"column":null}},"type":"cond-expr","locations":[{"start":{"line":82,"column":13},"end":{"line":82,"column":28}},{"start":{"line":82,"column":28},"end":{"line":82,"column":null}}],"line":82},"6":{"loc":{"start":{"line":94,"column":60},"end":{"line":94,"column":99}},"type":"default-arg","locations":[{"start":{"line":94,"column":68},"end":{"line":94,"column":99}}],"line":94},"7":{"loc":{"start":{"line":113,"column":9},"end":{"line":113,"column":null}},"type":"cond-expr","locations":[{"start":{"line":113,"column":13},"end":{"line":113,"column":28}},{"start":{"line":113,"column":28},"end":{"line":113,"column":null}}],"line":113},"8":{"loc":{"start":{"line":137,"column":43},"end":{"line":137,"column":81}},"type":"cond-expr","locations":[{"start":{"line":137,"column":62},"end":{"line":137,"column":70}},{"start":{"line":137,"column":70},"end":{"line":137,"column":81}}],"line":137},"9":{"loc":{"start":{"line":143,"column":14},"end":{"line":143,"column":null}},"type":"binary-expr","locations":[{"start":{"line":143,"column":14},"end":{"line":143,"column":38}},{"start":{"line":143,"column":38},"end":{"line":143,"column":null}}],"line":143}},"s":{"0":0,"1":0,"2":0,"3":0,"4":0,"5":0,"6":0,"7":0,"8":0,"9":0,"10":0,"11":0,"12":0,"13":0,"14":0,"15":0,"16":0,"17":0,"18":0,"19":0,"20":0,"21":0,"22":0,"23":0,"24":0,"25":0,"26":0,"27":0,"28":0,"29":0,"30":0,"31":0,"32":0,"33":0,"34":0,"35":0,"36":0,"37":0,"38":0},"f":{"0":0,"1":0,"2":0,"3":0,"4":0,"5":0,"6":0,"7":0,"8":0,"9":0,"10":0,"11":0,"12":0,"13":0,"14":0},"b":{"0":[0,0],"1":[0,0],"2":[0,0],"3":[0,0],"4":[0],"5":[0,0],"6":[0],"7":[0,0],"8":[0,0],"9":[0,0]},"meta":{"lastBranch":10,"lastFunction":15,"lastStatement":39,"seen":{"s:3:53:11:Infinity":0,"s:13:54:19:Infinity":1,"s:32:23:32:Infinity":2,"f:34:22:34:41":0,"s:41:2:57:Infinity":3,"s:42:14:42:Infinity":4,"s:43:4:46:Infinity":5,"b:45:33:45:57:45:57:45:63":0,"b:45:75:45:88:45:88:45:92":1,"b:45:92:45:105:45:105:45:107":2,"s:47:4:50:Infinity":6,"s:52:4:56:Infinity":7,"b:55:36:55:50:55:50:55:Infinity":3,"f:61:22:61:46":1,"b:61:84:61:115":4,"s:62:12:62:Infinity":8,"s:63:17:68:Infinity":9,"s:69:2:71:Infinity":10,"f:69:21:69:26":2,"s:70:4:70:Infinity":11,"f:70:38:70:43":3,"s:70:54:70:65":12,"f:74:22:74:44":4,"s:75:12:75:Infinity":13,"s:76:17:80:Infinity":14,"s:81:12:81:Infinity":15,"s:82:2:82:Infinity":16,"b:82:13:82:28:82:28:82:Infinity":5,"f:85:22:85:41":5,"s:86:12:86:Infinity":17,"s:87:2:91:Infinity":18,"f:94:22:94:46":6,"b:94:68:94:99":6,"s:95:12:95:Infinity":19,"s:96:17:100:Infinity":20,"s:101:2:103:Infinity":21,"f:101:21:101:26":7,"s:102:4:102:Infinity":22,"f:102:38:102:43":8,"s:102:54:102:65":23,"f:106:22:106:44":9,"s:107:12:107:Infinity":24,"s:108:17:111:Infinity":25,"s:112:12:112:Infinity":26,"s:113:2:113:Infinity":27,"b:113:13:113:28:113:28:113:Infinity":7,"f:116:22:116:43":10,"s:117:12:117:Infinity":28,"s:118:2:118:Infinity":29,"f:121:22:121:41":11,"s:122:12:122:Infinity":30,"s:123:2:126:Infinity":31,"f:129:22:129:Infinity":12,"s:133:2:146:Infinity":32,"s:134:18:136:Infinity":33,"f:135:7:135:12":13,"s:135:18:135:34":34,"f:136:7:136:15":14,"s:136:34:136:44":35,"s:137:24:137:Infinity":36,"b:137:62:137:70:137:70:137:81":8,"s:138:4:145:Infinity":37,"s:139:6:144:Infinity":38,"b:143:14:143:38:143:38:143:Infinity":9},"fnNames":{}}}
,"C:\\Users\\Sa7ar\\OneDrive\\Documents\\as\\woodwings\\code\\lib\\permissions.ts": {"path":"C:\\Users\\Sa7ar\\OneDrive\\Documents\\as\\woodwings\\code\\lib\\permissions.ts","statementMap":{"0":{"start":{"line":3,"column":72},"end":{"line":46,"column":null}},"1":{"start":{"line":48,"column":56},"end":{"line":80,"column":null}},"2":{"start":{"line":82,"column":0},"end":{"line":82,"column":null}},"3":{"start":{"line":85,"column":2},"end":{"line":85,"column":null}},"4":{"start":{"line":85,"column":29},"end":{"line":85,"column":null}},"5":{"start":{"line":86,"column":2},"end":{"line":86,"column":null}},"6":{"start":{"line":93,"column":2},"end":{"line":93,"column":null}},"7":{"start":{"line":93,"column":29},"end":{"line":93,"column":null}},"8":{"start":{"line":94,"column":18},"end":{"line":94,"column":null}},"9":{"start":{"line":95,"column":2},"end":{"line":97,"column":null}},"10":{"start":{"line":96,"column":43},"end":{"line":96,"column":62}},"11":{"start":{"line":100,"column":81},"end":{"line":105,"column":null}}},"fnMap":{"0":{"name":"canEditField","decl":{"start":{"line":84,"column":16},"end":{"line":84,"column":29}},"loc":{"start":{"line":84,"column":65},"end":{"line":87,"column":null}},"line":84},"1":{"name":"filterAllowedFields","decl":{"start":{"line":89,"column":16},"end":{"line":89,"column":null}},"loc":{"start":{"line":92,"column":28},"end":{"line":98,"column":null}},"line":92},"2":{"name":"(anonymous_2)","decl":{"start":{"line":96,"column":27},"end":{"line":96,"column":35}},"loc":{"start":{"line":96,"column":43},"end":{"line":96,"column":62}},"line":96}},"branchMap":{"0":{"loc":{"start":{"line":85,"column":2},"end":{"line":85,"column":null}},"type":"if","locations":[{"start":{"line":85,"column":2},"end":{"line":85,"column":null}},{"start":{},"end":{}}],"line":85},"1":{"loc":{"start":{"line":93,"column":2},"end":{"line":93,"column":null}},"type":"if","locations":[{"start":{"line":93,"column":2},"end":{"line":93,"column":null}},{"start":{},"end":{}}],"line":93}},"s":{"0":1,"1":1,"2":1,"3":17,"4":4,"5":13,"6":6,"7":1,"8":5,"9":5,"10":16,"11":1},"f":{"0":17,"1":6,"2":16},"b":{"0":[4,13],"1":[1,5]},"meta":{"lastBranch":2,"lastFunction":3,"lastStatement":12,"seen":{"s:3:72:46:Infinity":0,"s:48:56:80:Infinity":1,"s:82:0:82:Infinity":2,"f:84:16:84:29":0,"b:85:2:85:Infinity:undefined:undefined:undefined:undefined":0,"s:85:2:85:Infinity":3,"s:85:29:85:Infinity":4,"s:86:2:86:Infinity":5,"f:89:16:89:Infinity":1,"b:93:2:93:Infinity:undefined:undefined:undefined:undefined":1,"s:93:2:93:Infinity":6,"s:93:29:93:Infinity":7,"s:94:18:94:Infinity":8,"s:95:2:97:Infinity":9,"f:96:27:96:35":2,"s:96:43:96:62":10,"s:100:81:105:Infinity":11},"fnNames":{}}}
,"C:\\Users\\Sa7ar\\OneDrive\\Documents\\as\\woodwings\\code\\lib\\phases.ts": {"path":"C:\\Users\\Sa7ar\\OneDrive\\Documents\\as\\woodwings\\code\\lib\\phases.ts","statementMap":{"0":{"start":{"line":1,"column":27},"end":{"line":1,"column":null}},"1":{"start":{"line":4,"column":28},"end":{"line":25,"column":null}},"2":{"start":{"line":27,"column":28},"end":{"line":36,"column":null}}},"fnMap":{},"branchMap":{},"s":{"0":0,"1":0,"2":0},"f":{},"b":{},"meta":{"lastBranch":0,"lastFunction":0,"lastStatement":3,"seen":{"s:1:27:1:Infinity":0,"s:4:28:25:Infinity":1,"s:27:28:36:Infinity":2},"fnNames":{}}}
,"C:\\Users\\Sa7ar\\OneDrive\\Documents\\as\\woodwings\\code\\lib\\types.ts": {"path":"C:\\Users\\Sa7ar\\OneDrive\\Documents\\as\\woodwings\\code\\lib\\types.ts","statementMap":{},"fnMap":{},"branchMap":{},"s":{},"f":{},"b":{},"meta":{"lastBranch":0,"lastFunction":0,"lastStatement":0,"seen":{},"fnNames":{}}}
,"C:\\Users\\Sa7ar\\OneDrive\\Documents\\as\\woodwings\\code\\lib\\validation.ts": {"path":"C:\\Users\\Sa7ar\\OneDrive\\Documents\\as\\woodwings\\code\\lib\\validation.ts","statementMap":{"0":{"start":{"line":3,"column":27},"end":{"line":6,"column":null}},"1":{"start":{"line":4,"column":54},"end":{"line":4,"column":76}},"2":{"start":{"line":8,"column":32},"end":{"line":14,"column":null}},"3":{"start":{"line":9,"column":52},"end":{"line":9,"column":60}},"4":{"start":{"line":10,"column":54},"end":{"line":10,"column":76}},"5":{"start":{"line":16,"column":32},"end":{"line":22,"column":null}},"6":{"start":{"line":17,"column":52},"end":{"line":17,"column":60}},"7":{"start":{"line":18,"column":54},"end":{"line":18,"column":76}},"8":{"start":{"line":24,"column":32},"end":{"line":56,"column":null}},"9":{"start":{"line":58,"column":35},"end":{"line":72,"column":null}},"10":{"start":{"line":74,"column":35},"end":{"line":86,"column":null}},"11":{"start":{"line":86,"column":17},"end":{"line":86,"column":44}},"12":{"start":{"line":88,"column":40},"end":{"line":94,"column":null}},"13":{"start":{"line":89,"column":53},"end":{"line":89,"column":61}},"14":{"start":{"line":96,"column":40},"end":{"line":96,"column":null}},"15":{"start":{"line":98,"column":40},"end":{"line":102,"column":null}},"16":{"start":{"line":104,"column":38},"end":{"line":106,"column":null}},"17":{"start":{"line":108,"column":42},"end":{"line":135,"column":null}},"18":{"start":{"line":109,"column":159},"end":{"line":109,"column":167}},"19":{"start":{"line":110,"column":101},"end":{"line":110,"column":109}},"20":{"start":{"line":115,"column":87},"end":{"line":115,"column":95}},"21":{"start":{"line":137,"column":37},"end":{"line":152,"column":null}},"22":{"start":{"line":141,"column":58},"end":{"line":141,"column":66}},"23":{"start":{"line":154,"column":41},"end":{"line":175,"column":null}},"24":{"start":{"line":161,"column":60},"end":{"line":161,"column":68}},"25":{"start":{"line":172,"column":17},"end":{"line":172,"column":59}},"26":{"start":{"line":177,"column":36},"end":{"line":183,"column":null}},"27":{"start":{"line":185,"column":41},"end":{"line":192,"column":null}},"28":{"start":{"line":187,"column":56},"end":{"line":187,"column":64}},"29":{"start":{"line":194,"column":43},"end":{"line":201,"column":null}},"30":{"start":{"line":203,"column":41},"end":{"line":211,"column":null}},"31":{"start":{"line":204,"column":53},"end":{"line":204,"column":61}},"32":{"start":{"line":213,"column":35},"end":{"line":227,"column":null}},"33":{"start":{"line":214,"column":59},"end":{"line":214,"column":67}},"34":{"start":{"line":217,"column":49},"end":{"line":217,"column":57}},"35":{"start":{"line":218,"column":51},"end":{"line":218,"column":59}},"36":{"start":{"line":229,"column":41},"end":{"line":251,"column":null}},"37":{"start":{"line":232,"column":87},"end":{"line":232,"column":95}},"38":{"start":{"line":240,"column":4},"end":{"line":250,"column":null}},"39":{"start":{"line":241,"column":6},"end":{"line":249,"column":null}}},"fnMap":{"0":{"name":"(anonymous_0)","decl":{"start":{"line":4,"column":37},"end":{"line":4,"column":48}},"loc":{"start":{"line":4,"column":54},"end":{"line":4,"column":76}},"line":4},"1":{"name":"(anonymous_1)","decl":{"start":{"line":9,"column":35},"end":{"line":9,"column":46}},"loc":{"start":{"line":9,"column":52},"end":{"line":9,"column":60}},"line":9},"2":{"name":"(anonymous_2)","decl":{"start":{"line":10,"column":37},"end":{"line":10,"column":48}},"loc":{"start":{"line":10,"column":54},"end":{"line":10,"column":76}},"line":10},"3":{"name":"(anonymous_3)","decl":{"start":{"line":17,"column":35},"end":{"line":17,"column":46}},"loc":{"start":{"line":17,"column":52},"end":{"line":17,"column":60}},"line":17},"4":{"name":"(anonymous_4)","decl":{"start":{"line":18,"column":37},"end":{"line":18,"column":48}},"loc":{"start":{"line":18,"column":54},"end":{"line":18,"column":76}},"line":18},"5":{"name":"(anonymous_5)","decl":{"start":{"line":86,"column":3},"end":{"line":86,"column":11}},"loc":{"start":{"line":86,"column":17},"end":{"line":86,"column":44}},"line":86},"6":{"name":"(anonymous_6)","decl":{"start":{"line":89,"column":36},"end":{"line":89,"column":47}},"loc":{"start":{"line":89,"column":53},"end":{"line":89,"column":61}},"line":89},"7":{"name":"(anonymous_7)","decl":{"start":{"line":109,"column":142},"end":{"line":109,"column":153}},"loc":{"start":{"line":109,"column":159},"end":{"line":109,"column":167}},"line":109},"8":{"name":"(anonymous_8)","decl":{"start":{"line":110,"column":84},"end":{"line":110,"column":95}},"loc":{"start":{"line":110,"column":101},"end":{"line":110,"column":109}},"line":110},"9":{"name":"(anonymous_9)","decl":{"start":{"line":115,"column":70},"end":{"line":115,"column":81}},"loc":{"start":{"line":115,"column":87},"end":{"line":115,"column":95}},"line":115},"10":{"name":"(anonymous_10)","decl":{"start":{"line":141,"column":41},"end":{"line":141,"column":52}},"loc":{"start":{"line":141,"column":58},"end":{"line":141,"column":66}},"line":141},"11":{"name":"(anonymous_11)","decl":{"start":{"line":161,"column":43},"end":{"line":161,"column":54}},"loc":{"start":{"line":161,"column":60},"end":{"line":161,"column":68}},"line":161},"12":{"name":"(anonymous_12)","decl":{"start":{"line":172,"column":3},"end":{"line":172,"column":11}},"loc":{"start":{"line":172,"column":17},"end":{"line":172,"column":59}},"line":172},"13":{"name":"(anonymous_13)","decl":{"start":{"line":187,"column":39},"end":{"line":187,"column":50}},"loc":{"start":{"line":187,"column":56},"end":{"line":187,"column":64}},"line":187},"14":{"name":"(anonymous_14)","decl":{"start":{"line":204,"column":36},"end":{"line":204,"column":47}},"loc":{"start":{"line":204,"column":53},"end":{"line":204,"column":61}},"line":204},"15":{"name":"(anonymous_15)","decl":{"start":{"line":214,"column":42},"end":{"line":214,"column":53}},"loc":{"start":{"line":214,"column":59},"end":{"line":214,"column":67}},"line":214},"16":{"name":"(anonymous_16)","decl":{"start":{"line":217,"column":32},"end":{"line":217,"column":43}},"loc":{"start":{"line":217,"column":49},"end":{"line":217,"column":57}},"line":217},"17":{"name":"(anonymous_17)","decl":{"start":{"line":218,"column":34},"end":{"line":218,"column":45}},"loc":{"start":{"line":218,"column":51},"end":{"line":218,"column":59}},"line":218},"18":{"name":"(anonymous_18)","decl":{"start":{"line":232,"column":70},"end":{"line":232,"column":81}},"loc":{"start":{"line":232,"column":87},"end":{"line":232,"column":95}},"line":232},"19":{"name":"(anonymous_19)","decl":{"start":{"line":239,"column":3},"end":{"line":239,"column":16}},"loc":{"start":{"line":239,"column":27},"end":{"line":251,"column":3}},"line":239}},"branchMap":{"0":{"loc":{"start":{"line":172,"column":17},"end":{"line":172,"column":59}},"type":"binary-expr","locations":[{"start":{"line":172,"column":17},"end":{"line":172,"column":44}},{"start":{"line":172,"column":44},"end":{"line":172,"column":59}}],"line":172},"1":{"loc":{"start":{"line":240,"column":4},"end":{"line":250,"column":null}},"type":"if","locations":[{"start":{"line":240,"column":4},"end":{"line":250,"column":null}},{"start":{},"end":{}}],"line":240},"2":{"loc":{"start":{"line":244,"column":17},"end":{"line":248,"column":null}},"type":"cond-expr","locations":[{"start":{"line":245,"column":12},"end":{"line":245,"column":null}},{"start":{"line":246,"column":12},"end":{"line":248,"column":null}}],"line":244},"3":{"loc":{"start":{"line":246,"column":12},"end":{"line":248,"column":null}},"type":"cond-expr","locations":[{"start":{"line":247,"column":12},"end":{"line":247,"column":null}},{"start":{"line":248,"column":12},"end":{"line":248,"column":null}}],"line":246}},"s":{"0":1,"1":3,"2":1,"3":7,"4":8,"5":1,"6":1,"7":1,"8":1,"9":1,"10":1,"11":5,"12":1,"13":4,"14":1,"15":1,"16":1,"17":1,"18":5,"19":6,"20":6,"21":1,"22":3,"23":1,"24":5,"25":5,"26":1,"27":1,"28":5,"29":1,"30":1,"31":9,"32":1,"33":5,"34":1,"35":1,"36":1,"37":6,"38":6,"39":2},"f":{"0":3,"1":7,"2":8,"3":1,"4":1,"5":5,"6":4,"7":5,"8":6,"9":6,"10":3,"11":5,"12":5,"13":5,"14":9,"15":5,"16":1,"17":1,"18":6,"19":6},"b":{"0":[5,2],"1":[2,4],"2":[1,1],"3":[0,1]},"meta":{"lastBranch":4,"lastFunction":20,"lastStatement":40,"seen":{"s:3:27:6:Infinity":0,"f:4:37:4:48":0,"s:4:54:4:76":1,"s:8:32:14:Infinity":2,"f:9:35:9:46":1,"s:9:52:9:60":3,"f:10:37:10:48":2,"s:10:54:10:76":4,"s:16:32:22:Infinity":5,"f:17:35:17:46":3,"s:17:52:17:60":6,"f:18:37:18:48":4,"s:18:54:18:76":7,"s:24:32:56:Infinity":8,"s:58:35:72:Infinity":9,"s:74:35:86:Infinity":10,"f:86:3:86:11":5,"s:86:17:86:44":11,"s:88:40:94:Infinity":12,"f:89:36:89:47":6,"s:89:53:89:61":13,"s:96:40:96:Infinity":14,"s:98:40:102:Infinity":15,"s:104:38:106:Infinity":16,"s:108:42:135:Infinity":17,"f:109:142:109:153":7,"s:109:159:109:167":18,"f:110:84:110:95":8,"s:110:101:110:109":19,"f:115:70:115:81":9,"s:115:87:115:95":20,"s:137:37:152:Infinity":21,"f:141:41:141:52":10,"s:141:58:141:66":22,"s:154:
[...]
inity:146:6:146:Infinity:147:7:149:Infinity:150:7:150:31:150:31:150:61:150:61:150:Infinity":22,"b:152:2:152:Infinity:undefined:undefined:undefined:undefined":23,"s:152:2:152:Infinity":65,"b:152:6:152:35:152:35:152:55":24,"s:152:55:152:Infinity":66,"b:156:2:158:Infinity:undefined:undefined:undefined:undefined":25,"s:156:2:158:Infinity":67,"s:157:4:157:Infinity":68,"s:161:22:167:Infinity":69,"f:161:38:161:Infinity":17,"s:163:6:166:Infinity":70,"b:163:6:163:Infinity:164:7:166:Infinity":26,"b:165:10:165:Infinity:166:10:166:Infinity":27,"b:168:2:168:Infinity:undefined:undefined:undefined:undefined":28,"s:168:2:168:Infinity":71,"s:168:32:168:Infinity":72,"s:171:19:175:Infinity":73,"f:171:31:171:Infinity":18,"s:172:5:174:Infinity":74,"b:172:5:173:Infinity:173:36:174:Infinity":29,"b:173:7:173:26:173:26:173:36":30,"b:174:7:174:31:174:31:174:36":31,"b:176:2:176:Infinity:undefined:undefined:undefined:undefined":32,"s:176:2:176:Infinity":75,"s:176:29:176:Infinity":76,"s:178:17:180:Infinity":77,"f:179:5:179:10":19,"s:179:16:179:36":78,"f:180:5:180:13":20,"s:180:32:180:53":79,"b:181:2:181:Infinity:undefined:undefined:undefined:undefined":33,"s:181:2:181:Infinity":80,"s:181:27:181:Infinity":81,"s:183:19:183:Infinity":82,"s:184:19:184:Infinity":83,"f:184:28:184:36":21,"s:184:36:184:89":84,"b:184:43:184:67:184:67:184:81":34,"s:188:27:192:Infinity":85,"f:188:36:188:Infinity":22,"s:190:6:191:Infinity":86,"b:190:6:190:Infinity:191:6:191:Infinity":35,"b:193:2:193:Infinity:undefined:undefined:undefined:undefined":36,"s:193:2:193:Infinity":87,"s:193:24:193:Infinity":88,"s:195:2:197:Infinity":89,"f:196:13:196:18":23,"s:196:18:196:86":90,"s:202:23:206:Infinity":91,"f:202:32:202:Infinity":24,"s:204:6:205:Infinity":92,"b:204:6:204:Infinity:205:6:205:Infinity":37,"s:207:23:207:Infinity":93,"b:209:2:260:Infinity:undefined:undefined:undefined:undefined":38,"s:209:2:260:Infinity":94,"s:210:16:210:Infinity":95,"s:211:4:218:Infinity":96,"f:212:19:212:24":25,"s:212:24:216:Infinity":97,"s:222:4:256:Infinity":98,"b:223:6:223:Infinity:undefined:undefined:undefined:undefined":39,"s:223:6:223:Infinity":99,"s:223:64:223:Infinity":100,"b:227:6:237:Infinity:undefined:undefined:undefined:undefined":40,"s:227:6:237:Infinity":101,"b:227:10:227:62:227:62:227:112":41,"s:228:8:235:Infinity":102,"s:229:10:234:Infinity":103,"s:236:8:236:Infinity":104,"s:238:20:238:Infinity":105,"b:238:20:238:36:238:36:238:Infinity":42,"s:239:20:241:Infinity":106,"f:240:9:240:14":26,"s:240:20:240:36":107,"f:241:9:241:17":27,"s:241:36:241:46":108,"s:242:26:242:Infinity":109,"b:242:64:242:72:242:72:242:83":43,"s:243:20:243:Infinity":110,"s:244:6:251:Infinity":111,"s:245:8:250:Infinity":112,"b:249:16:249:40:249:40:249:Infinity":44,"b:252:6:255:Infinity:undefined:undefined:undefined:undefined":45,"s:252:6:255:Infinity":113,"b:252:10:252:68:252:68:252:96":46,"s:253:8:254:Infinity":114,"f:254:11:254:18":28,"s:254:26:254:83":115,"s:259:4:259:Infinity":116,"s:263:23:267:Infinity":117,"f:263:32:263:Infinity":29,"s:265:6:266:Infinity":118,"b:265:6:265:Infinity:266:6:266:Infinity":47,"b:268:2:268:Infinity:undefined:undefined:undefined:undefined":48,"s:268:2:268:Infinity":119,"s:268:33:268:Infinity":120,"s:271:30:271:Infinity":121,"s:272:23:272:Infinity":122,"b:273:2:275:Infinity:undefined:undefined:undefined:undefined":49,"s:273:2:275:Infinity":123,"b:273:6:273:22:273:22:273:47":50,"s:274:4:274:Infinity":124,"b:276:2:278:Infinity:undefined:undefined:undefined:undefined":51,"s:276:2:278:Infinity":125,"s:277:4:277:Infinity":126,"s:279:15:279:Infinity":127,"f:279:35:279:43":30,"s:279:49:279:54":128,"b:280:2:282:Infinity:undefined:undefined:undefined:undefined":52,"s:280:2:282:Infinity":129,"b:280:6:280:14:280:14:280:31":53,"s:281:4:281:Infinity":130,"f:281:34:281:39":31,"s:281:45:281:55":131,"s:283:15:283:Infinity":132,"s:285:2:304:Infinity":133,"s:286:18:286:Infinity":134,"b:286:18:286:34:286:34:286:Infinity":54,"s:287:18:289:Infinity":135,"f:288:7:288:12":32,"s:288:18:288:34":136,"f:289:7:289:15":33,"s:289:34:289:44":137,"s:291:24:291:Infinity":138,"b:291:62:291:70:291:70:291:81":55,"s:293:4:303:Infinity":139,"s:294:24:294:Infinity":140,"b:294:24:294:48:294:48:294:Infinity":56,"s:295:6:302:Infinity":141,"b:299:12:299:Infinity:300:12:300:Infinity":57,"f:307:15:307:35":34,"b:308:2:308:Infinity:undefined:undefined:undefined:undefined":58,"s:308:2:308:Infinity":142,"s:308:69:308:Infinity":143,"s:309:17:309:Infinity":144,"s:310:20:310:Infinity":145,"b:311:2:311:Infinity:undefined:undefined:undefined:undefined":59,"s:311:2:311:Infinity":146,"b:311:6:311:17:311:17:311:29":60,"s:311:29:311:Infinity":147,"s:313:28:313:Infinity":148,"s:314:23:314:Infinity":149,"s:315:2:318:Infinity":150,"f:316:18:316:23":35,"s:316:30:316:88":151,"b:316:67:316:83:316:83:316:86":61,"f:321:15:321:35":36,"b:324:2:324:Infinity:undefined:undefined:undefined:undefined":62,"s:324:2:324:Infinity":152,"s:324:35:324:Infinity":153,"s:325:20:325:Infinity":154,"b:326:2:326:Infinity:undefined:undefined:undefined:undefined":63,"s:326:2:326:Infinity":155,"s:326:18:326:Infinity":156,"s:328:26:328:Infinity":157,"s:329:23:329:Infinity":158,"f:329:39:329:47":37,"s:329:47:329:85":159,"b:329:54:329:79:329:79:329:84":64,"b:330:2:330:Infinity:undefined:undefined:undefined:undefined":65,"s:330:2:330:Infinity":160,"s:330:33:330:Infinity":161,"b:331:2:331:Infinity:undefined:undefined:undefined:undefined":66,"s:331:2:331:Infinity":162,"f:331:20:331:27":38,"s:331:33:331:57":163,"s:331:60:331:Infinity":164,"s:333:28:333:Infinity":165,"s:337:30:337:Infinity":166,"f:337:78:337:90":39,"s:337:90:337:94":167,"b:338:2:347:Infinity:undefined:undefined:undefined:undefined":67,"s:338:2:347:Infinity":168,"s:339:26:339:Infinity":169,"s:340:24:340:Infinity":170,"s:341:4:341:Infinity":171,"s:342:4:346:Infinity":172,"f:346:7:346:14":40,"s:346:22:346:91":173,"b:349:2:349:Infinity:undefined:undefined:undefined:undefined":68,"s:349:2:349:Infinity":174,"s:349:34:349:Infinity":175,"s:351:23:351:Infinity":176,"s:352:2:355:Infinity":177,"f:353:18:353:23":41,"s:353:30:353:88":178,"b:353:67:353:83:353:83:353:86":69,"f:358:22:358:Infinity":42,"s:362:2:428:Infinity":179,"f:363:5:363:17":43,"s:364:19:364:Infinity":180,"s:367:8:368:Infinity":181,"b:367:8:367:Infinity:368:8:368:Infinity":70,"s:371:8:372:Infinity":182,"b:371:8:371:Infinity:372:8:372:Infinity":71,"s:375:23:375:Infinity":183,"b:377:6:390:Infinity:undefined:undefined:undefined:undefined":72,"s:377:6:390:Infinity":184,"b:377:10:377:25:377:25:377:45:377:45:377:56":73,"s:378:8:381:Infinity":185,"b:382:8:388:Infinity:undefined:undefined:undefined:undefined":74,"s:382:8:388:Infinity":186,"b:382:12:382:41:382:41:382:69":75,"s:383:10:387:Infinity":187,"f:387:13:387:20":44,"s:387:28:387:78":188,"s:389:8:389:Infinity":189,"s:392:6:395:Infinity":190,"s:397:6:397:Infinity":191,"s:398:6:398:Infinity":192,"f:398:32:398:39":45,"s:398:47:398:77":193,"s:399:6:399:Infinity":194,"f:399:32:399:39":46,"s:399:47:399:77":195,"b:402:6:410:Infinity:undefined:undefined:undefined:undefined":76,"s:402:6:410:Infinity":196,"s:403:29:403:Infinity":197,"s:404:8:409:Infinity":198,"b:413:6:424:Infinity:undefined:undefined:undefined:undefined":77,"s:413:6:424:Infinity":199,"s:414:29:414:Infinity":200,"s:415:23:415:Infinity":201,"s:416:8:423:Infinity":202,"s:417:10:422:Infinity":203,"s:426:6:426:Infinity":204,"f:431:22:431:44":47,"s:432:2:445:Infinity":205,"f:433:5:433:17":48,"s:434:19:434:Infinity":206,"s:436:6:439:Infinity":207,"s:441:6:441:Infinity":208,"s:442:6:442:Infinity":209,"f:442:32:442:39":49,"s:442:47:442:77":210,"s:443:6:443:Infinity":211,"f:443:32:443:39":50,"s:443:47:443:77":212,"f:448:22:448:45":51,"s:449:15:449:Infinity":213,"s:450:2:454:Infinity":214,"s:455:21:455:Infinity":215,"b:455:21:455:39:455:39:455:60:455:60:455:Infinity":78,"s:457:2:461:Infinity":216,"b:458:45:458:64:458:64:458:67":79,"b:460:29:460:64:460:64:460:Infinity":80,"b:463:2:479:Infinity:undefined:undefined:undefined:undefined":81,"s:463:2:479:Infinity":217,"s:464:10:466:Infinity":218,"b:464:19:464:38:464:38:464:Infinity":82,"f:465:7:465:12":52,"s:465:18:465:34":219,"f:466:7:466:15":53,"s:466:34:466:44":220,"s:467:24:467:Infinity":221,"b:467:62:467:70:467:70:467:77":83,"s:468:4:478:Infinity":222,"s:469:20:469:Infinity":223,"s:470:6:477:Infinity":224,"s:471:8:476:Infinity":225,"b:474:26:474:49:474:49:474:Infinity":84,"f:476:11:476:18":54,"s:476:26:476:77":226,"f:482:22:482:Infinity":55,"s:486:2:598:Infinity":227,"f:487:5:487:17":56,"s:488:19:488:Infinity":228,"s:489:24:489:Infinity":229,"b:490:6:490:Infinity:undefined:undefined:undefined:undefined":85,"s:490:6:490:Infinity":230,"s:490:22:490:Infinity":231,"b:492:6:499:Infinity:undefined:undefined:undefined:undefined":86,"s:492:6:499:Infinity":232,"s:495:8:498:Infinity":233,"b:501:6:596:Infinity:518:13:596:Infinity":87,"s:501:6:596:Infinity":234,"s:503:8:503:Infinity":235,"s:505:9:516:Infinity":236,"f:505:10:505:22":57,"s:506:10:515:Infinity":237,"s:507:38:507:Infinity":238,"s:508:31:508:Infinity":239,"b:508:31:508:49:508:49:508:Infinity":88,"s:509:12:512:Infinity":240,"f:510:28:510:33":58,"s:510:40:510:92":241,"s:514:12:514:Infinity":242,"b:518:13:596:Infinity:589:13:596:Infinity":89,"s:518:13:596:Infinity":243,"s:520:25:520:Infinity":244,"s:521:28:521:Infinity":245,"f:521:37:521:45":59,"s:521:51:521:66":246,"s:524:69:524:Infinity":247,"s:525:32:531:Infinity":248,"f:525:44:525:Infinity":60,"s:527:12:530:Infinity":249,"b:527:12:527:Infinity:528:12:528:Infinity:529:12:529:Infinity:530:12:530:Infinity":90,"s:532:32:532:Infinity":250,"f:532:48:532:53":61,"s:532:59:532:78":251,"s:533:29:533:Infinity":252,"b:533:58:533:89:533:89:533:Infinity":91,"s:536:26:536:Infinity":253,"f:536:38:536:46":62,"s:536:52:536:69":254,"s:537:27:537:Infinity":255,"s:538:8:542:Infinity":256,"s:539:20:539:Infinity":257,"b:539:20:539:56:539:56:539:Infinity":92,"s:540:10:540:Infinity":258,"s:541:10:541:Infinity":259,"s:545:26:547:Infinity":260,"f:545:38:545:Infinity":63,"s:546:17:546:Infinity":261,"b:546:17:546:38:546:20:546:Infinity":93,"b:546:38:546:57:546:57:546:61":94,"s:549:43:549:Infinity":262,"s:551:8:554:Infinity":263,"s:552:32:552:Infinity":264,"b:552:71:552:81:552:81:552:Infinity":95,"s:553:10:553:Infinity":265,"s:556:8:562:Infinity":266,"f:556:41:556:50":64,"s:557:27:557:Infinity":267,"f:557:45:557:50":65,"s:557:62:557:94":268,"b:557:62:557:86:557:86:557:94":96,"s:558:10:561:Infinity":269,"f:558:16:558:25":66,"s:559:18:559:Infinity":270,"b:559:84:559:94:559:94:559:Infinity":97,"b:559:35:559:59:559:59:559:73":98,"s:560:12:560:Infinity":271,"s:564:8:566:Infinity":272,"s:565:10:565:Infinity":273,"s:569:8:569:Infinity":274,"s:571:8:571:Infinity":275,"s:574:27:574:Infinity":276,"s:575:27:575:Infinity":277,"s:576:8:581:Infinity":278,"s:582:8:587:Infinity":279,"s:591:8:594:Infinity":280,"s:595:8:595:Infinity":281,"f:601:22:601:Infinity":67,"s:605:2:668:Infinity":282,"f:606:5:606:17":68,"s:607:19:607:Infinity":283,"s:608:24:608:Infinity":284,"b:608:24:608:45:608:45:608:Infinity":99,"b:609:6:609:Infinity:undefined:undefined:undefined:undefined":100,"s:609:6:609:Infinity":285,"s:609:22:609:Infinity":286,"s:613:36:613:Infinity":287,"b:613:50:613:64:613:64:613:Infinity":101,"s:614:52:614:Infinity":288,"b:615:6:615:Infinity:undefined:undefined:undefined:undefined":102,"s:615:6:615:Infinity":289,"s:615:23:615:Infinity":290,"s:616:6:616:Infinity":291,"s:619:29:619:Infinity":292,"s:620:21:620:Infinity":293,"s:621:26:623:Infinity":294,"b:622:10:622:Infinity:623:10:623:Infinity":103,"f:622:25:622:33":69,"s:622:39:622:68":295,"f:623:25:623:33":70,"s:623:39:623:61":296,"b:625:6:628:Infinity:undefined:undefined:undefined:undefined":104,"s:625:6:628:Infinity":297,"s:627:8:627:Infinity":298,"s:631:28:631:Infinity":299,"b:631:42:631:63:631:63:631:Infinity":105,"s:632:29:632:Infinity":300,"b:632:43:632:55:632:55:632:Infinity":106,"s:633:23:638:Infinity":301,"f:633:35:633:43":71,"s:634:22:634:Infinity":302,"b:635:8:635:Infinity:undefined:undefined:undefined:undefined":107,"s:635:8:635:Infinity":303,"s:635:44:635:Infinity":304,"b:636:8:636:Infinity:undefined:undefined:undefined:undefined":108,"s:636:8:636:Infinity":305,"b:636:12:636:30:636:30:636:62":109,"s:636:62:636:Infinity":306,"s:637:8:637:Infinity":307,"b:640:6:643:Infinity:undefined:undefined:undefined:undefined":110,"s:640:6:643:Infinity":308,"s:642:8:642:Infinity":309,"s:645:6:647:Infinity":310,"f:646:17:646:22":72,"s:646:22:646:90":311,"s:649:27:649:Infinity":312,"s:650:6:664:Infinity":313,"s:651:22:651:Infinity":314,"b:651:22:651:38:651:38:651:Infinity":111,"s:652:22:654:Infinity":315,"f:653:11:653:16":73,"s:653:22:653:38":316,"f:654:11:654:19":74,"s:654:38:654:48":317,"s:655:28:655:Infinity":318,"b:655:66:655:74:655:74:655:85":112,"s:656:8:663:Infinity":319,"s:657:10:662:Infinity":320,"b:661:18:661:42:661:42:661:Infinity":113,"s:666:6:666:Infinity":321,"f:671:22:671:36":75,"s:678:2:742:Infinity":322,"f:679:5:679:17":76,"s:680:19:680:Infinity":323,"s:681:24:681:Infinity":324,"b:682:6:682:Infinity:undefined:undefined:undefined:undefined":114,"s:682:6:682:Infinity":325,"s:682:22:682:Infinity":326,"s:684:12:684:Infinity":327,"s:685:25:685:Infinity":328,"s:687:24:694:Infinity":329,"s:696:25:696:Infinity":330,"b:696:144:696:186:696:186:696:242":115,"b:696:266:696:301:696:301:696:Infinity":116,"b:698:6:740:Infinity:729:13:740:Infinity":117,"s:698:6:740:Infinity":331,"s:699:8:702:Infinity":332,"s:703:8:703:Infinity":333,"s:708:23:708:Infinity":334,"b:709:8:724:Infinity:undefined:undefined:undefined:undefined":118,"s:709:8:724:Infinity":335,"s:710:27:710:Infinity":336,"s:711:28:716:Infinity":337,"f:711:37:711:Infinity":77,"s:713:14:715:Infinity":338,"b:713:14:713:Infinity:714:14:714:Infinity:715:15:715:39:715:39:715:Infinity":119,"b:717:10:723:Infinity:undefined:undefined:undefined:undefined":120,"s:717:10:723:Infinity":339,"s:718:12:721:Infinity":340,"s:722:12:722:Infinity":341,"s:726:8:726:Infinity":342,"s:727:8:727:Infinity":343,"s:728:8:728:Infinity":344,"s:730:8:733:Infinity":345,"s:734:24:734:Infinity":346,"b:734:215:734:258:734:258:734:Infinity":121,"s:735:29:735:Infinity":347,"b:735:155:735:190:735:190:735:Infinity":122,"s:736:8:736:Infinity":348,"s:737:8:737:Infinity":349,"s:738:8:738:Infinity":350,"s:739:8:739:Infinity":351,"f:745:22:745:48":78,"s:746:20:746:Infinity":352,"b:747:2:747:Infinity:undefined:undefined:undefined:undefined":123,"s:747:2:747:Infinity":353,"s:747:18:747:Infinity":354,"s:749:18:749:Infinity":355,"b:750:2:750:Infinity:undefined:undefined:undefined:undefined":124,"s:750:2:750:Infinity":356,"s:750:47:750:Infinity":357,"s:752:2:756:Infinity":358,"b:758:2:764:Infinity:undefined:undefined:undefined:undefined":125,"s:758:2:764:Infinity":359,"b:758:6:758:35:758:35:758:63":126,"s:759:4:763:Infinity":360,"f:763:7:763:14":79,"s:763:22:763:74":361},"fnNames":{}}}
,"C:\\Users\\Sa7ar\\OneDrive\\Documents\\as\\woodwings\\code\\lib\\xlsxHelper.ts": {"path":"C:\\Users\\Sa7ar\\OneDrive\\Documents\\as\\woodwings\\code\\lib\\xlsxHelper.ts","statementMap":{"0":{"start":{"line":19,"column":13},"end":{"line":19,"column":null}},"1":{"start":{"line":20,"column":13},"end":{"line":20,"column":null}},"2":{"start":{"line":22,"column":2},"end":{"line":22,"column":null}},"3":{"start":{"line":22,"column":35},"end":{"line":22,"column":90}},"4":{"start":{"line":24,"column":20},"end":{"line":24,"column":null}},"5":{"start":{"line":25,"column":2},"end":{"line":25,"column":null}},"6":{"start":{"line":26,"column":2},"end":{"line":26,"column":null}},"7":{"start":{"line":27,"column":2},"end":{"line":27,"column":null}},"8":{"start":{"line":29,"column":2},"end":{"line":29,"column":null}},"9":{"start":{"line":31,"column":2},"end":{"line":46,"column":null}},"10":{"start":{"line":32,"column":16},"end":{"line":32,"column":null}},"11":{"start":{"line":33,"column":4},"end":{"line":44,"column":null}},"12":{"start":{"line":34,"column":19},"end":{"line":34,"column":null}},"13":{"start":{"line":35,"column":6},"end":{"line":37,"column":null}},"14":{"start":{"line":36,"column":8},"end":{"line":36,"column":null}},"15":{"start":{"line":38,"column":6},"end":{"line":40,"column":null}},"16":{"start":{"line":39,"column":8},"end":{"line":39,"column":null}},"17":{"start":{"line":41,"column":6},"end":{"line":43,"column":null}},"18":{"start":{"line":42,"column":8},"end":{"line":42,"column":null}},"19":{"start":{"line":45,"column":4},"end":{"line":45,"column":null}},"20":{"start":{"line":48,"column":17},"end":{"line":48,"column":null}},"21":{"start":{"line":49,"column":2},"end":{"line":49,"column":null}},"22":{"start":{"line":53,"column":8},"end":{"line":53,"column":null}},"23":{"start":{"line":54,"column":2},"end":{"line":59,"column":null}}},"fnMap":{"0":{"name":"buildXlsx","decl":{"start":{"line":14,"column":22},"end":{"line":14,"column":null}},"loc":{"start":{"line":18,"column":19},"end":{"line":50,"column":null}},"line":18},"1":{"name":"(anonymous_1)","decl":{"start":{"line":22,"column":23},"end":{"line":22,"column":28}},"loc":{"start":{"line":22,"column":35},"end":{"line":22,"column":90}},"line":22},"2":{"name":"(anonymous_2)","decl":{"start":{"line":33,"column":12},"end":{"line":33,"column":21}},"loc":{"start":{"line":33,"column":32},"end":{"line":44,"column":5}},"line":33},"3":{"name":"xlsxResponse","decl":{"start":{"line":52,"column":16},"end":{"line":52,"column":29}},"loc":{"start":{"line":52,"column":77},"end":{"line":60,"column":null}},"line":52}},"branchMap":{"0":{"loc":{"start":{"line":22,"column":74},"end":{"line":22,"column":88}},"type":"binary-expr","locations":[{"start":{"line":22,"column":74},"end":{"line":22,"column":85}},{"start":{"line":22,"column":85},"end":{"line":22,"column":88}}],"line":22},"1":{"loc":{"start":{"line":35,"column":6},"end":{"line":37,"column":null}},"type":"if","locations":[{"start":{"line":35,"column":6},"end":{"line":37,"column":null}},{"start":{},"end":{}}],"line":35},"2":{"loc":{"start":{"line":35,"column":10},"end":{"line":35,"column":36}},"type":"binary-expr","locations":[{"start":{"line":35,"column":10},"end":{"line":35,"column":24}},{"start":{"line":35,"column":24},"end":{"line":35,"column":36}}],"line":35},"3":{"loc":{"start":{"line":38,"column":6},"end":{"line":40,"column":null}},"type":"if","locations":[{"start":{"line":38,"column":6},"end":{"line":40,"column":null}},{"start":{},"end":{}}],"line":38},"4":{"loc":{"start":{"line":38,"column":10},"end":{"line":38,"column":60}},"type":"binary-expr","locations":[{"start":{"line":38,"column":10},"end":{"line":38,"column":28}},{"start":{"line":38,"column":28},"end":{"line":38,"column":60}}],"line":38},"5":{"loc":{"start":{"line":41,"column":6},"end":{"line":43,"column":null}},"type":"if","locations":[{"start":{"line":41,"column":6},"end":{"line":43,"column":null}},{"start":{},"end":{}}],"line":41}},"s":{"0":0,"1":0,"2":0,"3":0,"4":0,"5":0,"6":0,"7":0,"8":0,"9":0,"10":0,"11":0,"12":0,"13":0,"14":0,"15":0,"16":0,"17":0,"18":0,"19":0,"20":0,"21":0,"22":0,"23":0},"f":{"0":0,"1":0,"2":0,"3":0},"b":{"0":[0,0],"1":[0,0],"2":[0,0],"3":[0,0],"4":[0,0],"5":[0,0]},"meta":{"lastBranch":6,"lastFunction":4,"lastStatement":24,"seen":{"f:14:22:14:Infinity":0,"s:19:13:19:Infinity":0,"s:20:13:20:Infinity":1,"s:22:2:22:Infinity":2,"f:22:23:22:28":1,"s:22:35:22:90":3,"b:22:74:22:85:22:85:22:88":0,"s:24:20:24:Infinity":4,"s:25:2:25:Infinity":5,"s:26:2:26:Infinity":6,"s:27:2:27:Infinity":7,"s:29:2:29:Infinity":8,"s:31:2:46:Infinity":9,"s:32:16:32:Infinity":10,"s:33:4:44:Infinity":11,"f:33:12:33:21":2,"s:34:19:34:Infinity":12,"b:35:6:37:Infinity:undefined:undefined:undefined:undefined":1,"s:35:6:37:Infinity":13,"b:35:10:35:24:35:24:35:36":2,"s:36:8:36:Infinity":14,"b:38:6:40:Infinity:undefined:undefined:undefined:undefined":3,"s:38:6:40:Infinity":15,"b:38:10:38:28:38:28:38:60":4,"s:39:8:39:Infinity":16,"b:41:6:43:Infinity:undefined:undefined:undefined:undefined":5,"s:41:6:43:Infinity":17,"s:42:8:42:Infinity":18,"s:45:4:45:Infinity":19,"s:48:17:48:Infinity":20,"s:49:2:49:Infinity":21,"f:52:16:52:29":3,"s:53:8:53:Infinity":22,"s:54:2:59:Infinity":23},"fnNames":{}}}
}
